-1 91492.994703 "ROOM START welcome"
-1 91492.994717 "PASSAGE START Welcome0 TEXT 50 0"
-1 91492.995586 "RENDERING START"
-1 91493.005984 "RENDERING END"
-1 91493.009479 "START EXPERIMENT"
-1 91510.762616 CONTINUE
-1 91510.762631 "PASSAGE END"
-1 91510.773155 "PASSAGE START welcome TEXT 50 0"
-1 91510.773163 "RENDERING START"
-1 91510.799559 "RENDERING END"
-1 91511.886483 CONTINUE
-1 91511.886855 "PASSAGE END"
-1 91511.892392 "PASSAGE START rules TEXT 50 0"
-1 91511.892727 "RENDERING START"
-1 91511.909220 "RENDERING END"
-1 91512.924490 CONTINUE
-1 91512.924920 "PASSAGE END"
-1 91512.926894 "PASSAGE START REGOLE2 TEXT 50 0"
-1 91512.927277 "RENDERING START"
-1 91512.931949 "RENDERING END"
-1 91514.103480 CONTINUE
-1 91514.103820 "PASSAGE END"
-1 91514.105174 "PASSAGE START Init TEXT 50 0"
-1 91514.105545 "RENDERING START"
-1 91514.107788 "RENDERING END"
-1 91515.503374 CONTINUE
-1 91515.503708 "PASSAGE END"
-1 91515.506542 "PASSAGE START Init1 TEXT 50 0"
-1 91515.506951 "RENDERING START"
-1 91515.514637 "RENDERING END"
-1 91516.114529 CONTINUE
-1 91516.114820 "PASSAGE END"
-1 91516.117974 "PASSAGE START Init2 TEXT 50 0"
-1 91516.118347 "RENDERING START"
-1 91516.126907 "RENDERING END"
-1 91517.079474 CONTINUE
-1 91518.463813 "DECISION RIGHT"
-1 91518.464252 "PASSAGE END"
-1 91518.464623 "PASSAGE START Init3 ENDPOINT 50 0"
-1 91518.465014 "RENDERING START"
-1 91518.465873 "RENDERING END"
-1 91518.466149 "ROOM END"
-1 91518.468225 "ROOM START intro"
-1 91520.625978 "PASSAGE START Intro TEXT 50 0"
-1 91520.626269 "RENDERING START"
-1 91520.631240 "RENDERING END"
-1 91553.153963 CONTINUE
-1 91553.154363 "PASSAGE END"
-1 91553.158370 "PASSAGE START Intro2 TEXT 50 0"
-1 91553.158717 "RENDERING START"
-1 91553.178879 "RENDERING END"
-1 91564.326586 CONTINUE
-1 91564.326910 "PASSAGE END"
-1 91564.329322 "PASSAGE START Intro3 TEXT 50 0"
-1 91564.329800 "RENDERING START"
-1 91564.333054 "RENDERING END"
-1 91569.897484 CONTINUE
-1 91569.897806 "PASSAGE END"
-1 91569.925428 "PASSAGE START Intro4 TEXT 50 0"
-1 91569.925724 "RENDERING START"
-1 91569.930669 "RENDERING END"
-1 91577.506177 CONTINUE
-1 91584.546388 "DECISION RIGHT"
-1 91584.546396 "PASSAGE END"
-1 91584.551247 "PASSAGE START Intro5 TEXT 50 0"
-1 91584.551751 "RENDERING START"
-1 91584.554969 "RENDERING END"
-1 91593.987731 CONTINUE
-1 91593.988172 "PASSAGE END"
-1 91593.991658 "PASSAGE START Intro6 TEXT 50 0"
-1 91593.992031 "RENDERING START"
-1 91593.998689 "RENDERING END"
-1 91603.016412 CONTINUE
-1 91604.651712 "DECISION LEFT"
-1 91604.652010 "PASSAGE END"
-1 91604.674879 "PASSAGE START Intro8 TEXT 50 0"
-1 91604.675186 "RENDERING START"
-1 91604.678569 "RENDERING END"
-1 91610.375107 CONTINUE
-1 91610.375432 "PASSAGE END"
-1 91610.377886 "PASSAGE START Intro71 TEXT 50 0"
-1 91610.378253 "RENDERING START"
-1 91610.379819 "RENDERING END"
-1 91676.720473 CONTINUE
-1 91676.720484 "PASSAGE END"
-1 91676.764532 "PASSAGE START Intro9 TEXT 50 0"
-1 91676.764827 "RENDERING START"
-1 91680.862929 "RENDERING END"
-1 91686.893608 CONTINUE
-1 91686.893943 "PASSAGE END"
-1 91686.895811 "PASSAGE START Intro10 TEXT 50 0"
-1 91686.896199 "RENDERING START"
-1 91711.536474 "RENDERING END"
-1 91711.536704 "RENDERING END"
-1 91767.545005 CONTINUE
-1 91767.545013 "PASSAGE END"
-1 91767.545048 "PASSAGE START Intro11 TEXT 50 0"
-1 91767.545057 "RENDERING START"
-1 91767.564479 "RENDERING END"
-1 91767.564487 "RENDERING END"
-1 91767.564494 "RENDERING END"
-1 91818.868775 CONTINUE
-1 91821.703354 "DECISION RIGHT"
-1 91821.703795 "PASSAGE END"
-1 91821.705058 "PASSAGE START Intro12 TEXT 50 0"
-1 91821.705371 "RENDERING START"
-1 91821.711768 "RENDERING END"
-1 91821.712006 "RENDERING END"
-1 91824.716746 CONTINUE
-1 91824.717065 "PASSAGE END"
-1 91824.718286 "PASSAGE START Intro14 TEXT 50 0"
-1 91824.718719 "RENDERING START"
-1 91824.720999 "RENDERING END"
-1 91851.449925 CONTINUE
-1 91851.449933 "PASSAGE END"
-1 91851.451912 "PASSAGE START Intro15 ENDPOINT 50 0"
-1 91851.452112 "RENDERING START"
-1 91851.455169 "RENDERING END"
-1 91851.455659 "ROOM END"
-1 91851.459097 "ROOM START R6"
-1 91864.391742 "PASSAGE START R60 TEXT 50 0"
-1 91864.392082 "RENDERING START"
-1 91883.738934 "RENDERING END"
-1 91883.739188 "RENDERING END"
-1 91919.131739 CONTINUE
-1 91919.132034 "PASSAGE END"
-1 91919.137630 "PASSAGE START R61 TRIAL 50 0"
-1 91919.138084 "RENDERING START"
-1 91919.153537 "RENDERING END"
-1 91919.153870 "R 6 0"
-1 92007.617802 CONTINUE
-1 92109.202228 "DECISION LEFT"
-1 92109.202237 "PASSAGE END"
-1 92109.212526 "PASSAGE START R63 TEXT 50 0"
-1 92109.212540 "RENDERING START"
-1 92109.212545 "RENDERING END"
-1 92143.183632 CONTINUE
-1 92143.183969 "PASSAGE END"
-1 92143.192169 "PASSAGE START R6final ENDPOINT 50 0"
-1 92143.192181 "RENDERING START"
-1 92143.192186 "RENDERING END"
-1 92143.192191 "RENDERING END"
-1 92143.192196 "ROOM END"
-1 92143.195078 "ROOM START SE0"
-1 92144.480524 "PASSAGE START SE00 TEXT 50 0"
-1 92144.480883 "RENDERING START"
-1 92144.484290 "RENDERING END"
-1 92165.148662 CONTINUE
-1 92165.148674 "PASSAGE END"
-1 92165.251280 "PASSAGE START SE01 TEXT 50 0"
-1 92165.251575 "RENDERING START"
-1 92165.260111 "RENDERING END"
-1 92191.920500 "RENDERING END"
-1 92192.976058 "PASSAGE START SE01 TEXT 50 2"
-1 92192.976451 "RENDERING START"
-1 92192.982774 "RENDERING END"
-1 92194.931468 "RENDERING END"
-1 92195.717534 "PASSAGE START SE01 TEXT 50 2"
-1 92195.717931 "RENDERING START"
-1 92195.724334 "RENDERING END"
-1 92197.282661 CONTINUE
-1 92208.865919 "DECISION RIGHT"
-1 92208.866266 "PASSAGE END"
-1 92208.872655 "PASSAGE START SE02 TEXT 50 2"
-1 92208.873094 "RENDERING START"
-1 92208.882372 "RENDERING END"
-1 92226.221714 CONTINUE
-1 92226.222197 "PASSAGE END"
-1 92226.225513 "PASSAGE START SE04 TEXT 50 2"
-1 92226.225804 "RENDERING START"
-1 92226.230657 "RENDERING END"
-1 92236.282701 CONTINUE
-1 92236.283100 "PASSAGE END"
-1 92236.296773 "PASSAGE START SE05 TEXT 50 2"
-1 92236.297055 "RENDERING START"
-1 92236.306261 "RENDERING END"
-1 92264.559270 CONTINUE
-1 92264.559682 "PASSAGE END"
-1 92264.561629 "PASSAGE START SE07 TEXT 50 2"
-1 92264.561958 "RENDERING START"
-1 92264.563897 "RENDERING END"
-1 92268.755071 CONTINUE
-1 92268.755390 "PASSAGE END"
-1 92268.760172 "PASSAGE START SE08 TEXT 50 2"
-1 92268.760504 "RENDERING START"
-1 92268.780942 "RENDERING END"
-1 92295.997515 CONTINUE
-1 92295.997793 "PASSAGE END"
-1 92296.000183 "PASSAGE START SE0fight FIGHT 50 2"
-1 92296.000541 "RENDERING START"
-1 92296.006609 "RENDERING END"
-1 92296.006889 "RENDERING END"
-1 92296.007295 "DICE False 4"
-1 92299.500242 "DECISION LEFT"
-1 92299.500570 "PASSAGE END"
-1 92307.475263 "PASSAGE START SE0fightFail TEXT 45 2"
-1 92307.475649 "RENDERING START"
-1 92307.479008 "RENDERING END"
-1 92317.035050 CONTINUE
-1 92317.035371 "PASSAGE END"
-1 92317.037400 "PASSAGE START SE0fightLoop FIGHT 45 2"
-1 92317.037724 "RENDERING START"
-1 92317.039511 "RENDERING END"
-1 92317.039882 "DICE True 22"
-1 92318.094471 "DECISION RIGHT"
-1 92318.094844 "PASSAGE END"
-1 92320.319805 "PASSAGE START SE0fightSuc TEXT 45 2"
-1 92320.320080 "RENDERING START"
-1 92320.323555 "RENDERING END"
-1 92326.845015 CONTINUE
-1 92326.845393 "PASSAGE END"
-1 92326.900465 "PASSAGE START SE09 TRIAL 45 2"
-1 92326.900804 "RENDERING START"
-1 92326.912226 "RENDERING END"
-1 92326.912449 "RENDERING END"
-1 92326.912767 "SE 0 0"
-1 92339.152883 CONTINUE
-1 92375.255397 "DECISION LEFT"
-1 92375.255689 "PASSAGE END"
-1 92375.258840 "PASSAGE START SE011 TEXT 45 2"
-1 92375.258848 "RENDERING START"
-1 92375.260535 "RENDERING END"
-1 92377.635181 CONTINUE
-1 92377.635461 "PASSAGE END"
-1 92377.638645 "PASSAGE START SE0fight2 FIGHT 45 2"
-1 92377.639192 "RENDERING START"
-1 92377.645061 "RENDERING END"
-1 92377.645361 "RENDERING END"
-1 92377.645769 "DICE False 6"
-1 92379.615762 "DECISION LEFT"
-1 92379.615937 "PASSAGE END"
-1 92418.843237 "PASSAGE START SE0fight2Fail TEXT 40 2"
-1 92418.843561 "RENDERING START"
-1 92418.847820 "RENDERING END"
-1 92424.100092 CONTINUE
-1 92424.100462 "PASSAGE END"
-1 92424.102881 "PASSAGE START SE0fight2Loop FIGHT 40 2"
-1 92424.103181 "RENDERING START"
-1 92424.105024 "RENDERING END"
-1 92424.105328 "DICE True 18"
-1 92424.979502 "DECISION RIGHT"
-1 92424.979849 "PASSAGE END"
-1 92426.712631 "PASSAGE START SE0fight2Suc TEXT 40 2"
-1 92426.712969 "RENDERING START"
-1 92426.717997 "RENDERING END"
-1 92435.003091 "RENDERING END"
-1 92438.065754 "PASSAGE START SE0fight2Suc TEXT 40 2"
-1 92438.066313 "RENDERING START"
-1 92438.070828 "RENDERING END"
-1 92441.301244 "RENDERING END"
-1 92443.887802 "PASSAGE START SE0fight2Suc TEXT 40 2"
-1 92443.888216 "RENDERING START"
-1 92443.893067 "RENDERING END"
-1 92445.346827 "RENDERING END"
-1 92447.027094 "PASSAGE START SE0fight2Suc TEXT 40 2"
-1 92447.027523 "RENDERING START"
-1 92447.032211 "RENDERING END"
-1 92450.328805 "RENDERING END"
-1 92451.277011 "PASSAGE START SE0fight2Suc TEXT 40 2"
-1 92451.277356 "RENDERING START"
-1 92451.282191 "RENDERING END"
-1 92488.286906 CONTINUE
-1 92488.287286 "PASSAGE END"
-1 92488.289828 "PASSAGE START SE014 TEXT 40 2"
-1 92488.290200 "RENDERING START"
-1 92488.295219 "RENDERING END"
-1 92488.295573 "RENDERING END"
-1 92508.746919 CONTINUE
-1 92510.741023 "DECISION LEFT"
-1 92510.741306 "PASSAGE END"
-1 92510.743850 "PASSAGE START SE013 TEXT 40 5"
-1 92510.744265 "RENDERING START"
-1 92510.747543 "RENDERING END"
-1 92514.399218 CONTINUE
-1 92516.463905 "DECISION LEFT"
-1 92516.464268 "PASSAGE END"
-1 92516.465566 "PASSAGE START SE0SX ENDPOINT 40 5"
-1 92516.465901 "RENDERING START"
-1 92516.466891 "RENDERING END"
-1 92516.467145 "ROOM END"
-1 92516.468364 "ROOM START SER6"
-1 92517.714724 "PASSAGE START SER60 TEXT 40 5"
-1 92517.715070 "RENDERING START"
-1 92517.720851 "RENDERING END"
-1 92517.721197 "RENDERING END"
-1 92517.721468 "RENDERING END"
-1 92543.046188 CONTINUE
-1 92543.046653 "PASSAGE END"
-1 92543.047949 "PASSAGE START SER61 TEXT 40 5"
-1 92543.048305 "RENDERING START"
-1 92543.053314 "RENDERING END"
-1 92547.114276 CONTINUE
-1 92548.602842 "DECISION LEFT"
-1 92548.603113 "PASSAGE END"
-1 92548.604413 "PASSAGE START SER63 TEXT 40 5"
-1 92548.604744 "RENDERING START"
-1 92548.608024 "RENDERING END"
-1 92548.608339 "RENDERING END"
-1 92551.121553 CONTINUE
-1 92551.121990 "PASSAGE END"
-1 92551.123265 "PASSAGE START SER64 TRIAL 40 5"
-1 92551.123549 "RENDERING START"
-1 92551.128682 "RENDERING END"
-1 92551.128932 "RENDERING END"
-1 92551.129246 "RENDERING END"
-1 92551.129570 "SER 6 0"
-1 92555.584357 CONTINUE
-1 92557.657675 "DECISION LEFT"
-1 92557.658114 "PASSAGE END"
-1 92557.661100 "PASSAGE START SER66 TEXT 40 5"
-1 92557.661472 "RENDERING START"
-1 92563.580061 "RENDERING END"
-1 92563.580432 "RENDERING END"
-1 92568.417212 CONTINUE
-1 92568.417635 "PASSAGE END"
-1 92568.420225 "PASSAGE START SER6final ENDPOINT 40 5"
-1 92568.420585 "RENDERING START"
-1 92568.422373 "RENDERING END"
-1 92568.422659 "ROOM END"
-1 92568.426294 "ROOM START R2"
-1 92570.333199 "PASSAGE START R20 TEXT 40 5"
-1 92570.333660 "RENDERING START"
-1 92570.339899 "RENDERING END"
-1 92579.918113 CONTINUE
-1 92579.918411 "PASSAGE END"
-1 92579.921070 "PASSAGE START R2000 ITEM_CHECK 40 5"
-1 92579.921412 "RENDERING START"
-1 92579.924920 "RENDERING END"
-1 92587.701904 "DECISION RIGHT"
-1 92587.702288 "PASSAGE END"
-1 92587.732458 "PASSAGE START R20cubo TRIAL 40 5"
-1 92587.732785 "RENDERING START"
-1 92587.740451 "RENDERING END"
-1 92587.740823 "R 2 0"
-1 92603.688824 CONTINUE
-1 92606.494281 "DECISION LEFT"
-1 92606.494509 "PASSAGE END"
-1 92606.496578 "PASSAGE START R2back BACK 40 5"
-1 92606.496881 "RENDERING START"
-1 92606.497182 "RENDERING START"
-1 92639.630275 "PASSAGE START R20cubo TRIAL 40 5"
-1 92639.630782 "RENDERING START"
-1 92639.638553 "RENDERING END"
-1 92639.638813 "R 2 0"
-1 92641.069453 CONTINUE
-1 92642.064459 "DECISION LEFT"
-1 92642.064748 "PASSAGE END"
-1 92655.727720 "DECISION LEFT"
-1 92655.727730 "PASSAGE END"
-1 92657.950946 "DECISION RIGHT"
-1 92657.951166 "PASSAGE END"
-1 92659.353176 "DECISION RIGHT"
-1 92659.353580 "PASSAGE END"
-1 92659.778455 "DECISION RIGHT"
-1 92659.778713 "PASSAGE END"
-1 92666.041702 "DECISION RIGHT"
-1 92666.042097 "PASSAGE END"
