-1 91469.053387 [INFO] "Wait for the connections of /sea/mouse"
-1 91492.989300 [INFO] "ROOM START welcome"
-1 91492.994901 [INFO] "PASSAGE START Welcome0 TEXT 50 0"
-1 91492.995541 [INFO] "RENDERING START"
-1 91492.995557 [INFO] "show body"
-1 91492.995832 [INFO] "Line Fetched <p>Quando sei pronto clicca su \"Continua\"</p>"
-1 91492.996100 [INFO] "Next line type None"
-1 91493.004714 [INFO] "I have more lines. Set the recursion"
-1 91493.005081 [INFO] "I have no more body lines, let's exit the loop and render the alternatives"
-1 91493.005929 [INFO] "RENDERING END"
-1 91493.007642 [INFO] "source = ../../../Stories/smallest_sea.html"
-1 91493.008012 [INFO] "room_order = 1"
-1 91493.008316 [INFO] "is_experiment = True"
-1 91493.008685 [INFO] "with_robot = False"
-1 91493.009000 [INFO] "with_sound = False"
-1 91493.009472 [INFO] "EXPERIMENT START"
-1 91510.760987 [INFO] CONTINUE
-1 91510.761000 [INFO] "PASSAGE END"
-1 91510.773121 [INFO] "PASSAGE START welcome TEXT 50 0"
-1 91510.773131 [INFO] "RENDERING START"
-1 91510.773182 [INFO] "show body"
-1 91510.773430 [INFO] "Line Fetched <p>Benvenuto!</p>"
-1 91510.773712 [INFO] "Next line type BodyLineType.TEXT"
-1 91510.774323 [INFO] "I have more lines. Set the recursion"
-1 91510.774666 [INFO] "text -> text"
-1 91510.774796 [INFO] "show body"
-1 91510.775044 [INFO] "Line Fetched <p>Grazie per aver accettato di prendere parte a questo esperimento.</p>"
-1 91510.775614 [INFO] "Next line type BodyLineType.TEXT"
-1 91510.776035 [INFO] "I have more lines. Set the recursion"
-1 91510.776314 [INFO] "text -> text"
-1 91510.776554 [INFO] "show body"
-1 91510.776796 [INFO] "Line Fetched <p>-</p>"
-1 91510.777031 [INFO] "Next line type BodyLineType.TEXT"
-1 91510.777657 [INFO] "I have more lines. Set the recursion"
-1 91510.777884 [INFO] "text -> text"
-1 91510.778126 [INFO] "show body"
-1 91510.778376 [INFO] "Line Fetched <p>Oggi sarai il protagonista di un’<strong>Avventura Testuale</strong>!</p>"
-1 91510.778609 [INFO] "Next line type BodyLineType.TEXT"
-1 91510.787131 [INFO] "I have more lines. Set the recursion"
-1 91510.787497 [INFO] "text -> text"
-1 91510.787832 [INFO] "show body"
-1 91510.788148 [INFO] "Line Fetched <p>Un’avventura testuale è una storia nella quale affronterai numerose sfide e <strong>scelte</strong>. </p>"
-1 91510.788478 [INFO] "Next line type BodyLineType.TEXT"
-1 91510.789100 [INFO] "I have more lines. Set the recursion"
-1 91510.789484 [INFO] "text -> text"
-1 91510.789833 [INFO] "show body"
-1 91510.790118 [INFO] "Line Fetched <p>Dovrai combattere creature e raccogliere oggetti fino a raggiungere uno dei possibili finali.</p>"
-1 91510.790477 [INFO] "Next line type BodyLineType.TEXT"
-1 91510.791590 [INFO] "I have more lines. Set the recursion"
-1 91510.791820 [INFO] "text -> text"
-1 91510.792108 [INFO] "show body"
-1 91510.792355 [INFO] "Line Fetched <p>La cosa più importante per noi è che tu prenda decisioni <strong>come se ti trovassi nella situazione proposta</strong>.</p>"
-1 91510.792630 [INFO] "Next line type BodyLineType.TEXT"
-1 91510.794191 [INFO] "I have more lines. Set the recursion"
-1 91510.794477 [INFO] "text -> text"
-1 91510.794750 [INFO] "show body"
-1 91510.795085 [INFO] "Line Fetched <p>Quindi, ti chiediamo per favore di fare uno sforzo di fantasia e <strong>immedesimarti nella storia</strong>.</p>"
-1 91510.795391 [INFO] "Next line type BodyLineType.TEXT"
-1 91510.796188 [INFO] "I have more lines. Set the recursion"
-1 91510.796517 [INFO] "text -> text"
-1 91510.796813 [INFO] "show body"
-1 91510.797138 [INFO] "Line Fetched <p>Ecco alcune regole, leggile con attenzione</p>"
-1 91510.797488 [INFO] "Next line type None"
-1 91510.798886 [INFO] "I have more lines. Set the recursion"
-1 91510.799200 [INFO] "I have no more body lines, let's exit the loop and render the alternatives"
-1 91510.799488 [INFO] "RENDERING END"
-1 91511.886580 [INFO] CONTINUE
-1 91511.886880 [INFO] "PASSAGE END"
-1 91511.892458 [INFO] "PASSAGE START rules TEXT 50 0"
-1 91511.892756 [INFO] "RENDERING START"
-1 91511.893091 [INFO] "show body"
-1 91511.893375 [INFO] "Line Fetched <ul>\n<li>Non hai limiti di tempo per scegliere ma ogni decisione è irreversibile. Quindi <strong>scegli con attenzione</strong></li>\n</ul>"
-1 91511.893756 [INFO] "Next line type BodyLineType.TEXT"
-1 91511.894919 [INFO] "I have more lines. Set the recursion"
-1 91511.895243 [INFO] "text -> text"
-1 91511.895472 [INFO] "show body"
-1 91511.895690 [INFO] "Line Fetched <ul>\n<li>A volte sarà il caso a decidere per te: ti verrà chiesto di lanciare un <strong>dado virtuale</strong> che deciderà lo svolgimento della storia</li>\n</ul>"
-1 91511.896069 [INFO] "Next line type BodyLineType.TEXT"
-1 91511.896476 [INFO] "I have more lines. Set the recursion"
-1 91511.896753 [INFO] "text -> text"
-1 91511.897014 [INFO] "show body"
-1 91511.897306 [INFO] "Line Fetched <ul>\n<li>Dovrai anche combattere con <strong>creature ostili</strong> potrai raccogliere ed equipaggiare oggetti che ti aiuteranno a sconfiggerle.</li>\n</ul>"
-1 91511.897551 [INFO] "Next line type BodyLineType.TEXT"
-1 91511.898348 [INFO] "I have more lines. Set the recursion"
-1 91511.898646 [INFO] "text -> text"
-1 91511.898924 [INFO] "show body"
-1 91511.899175 [INFO] "Line Fetched <ul>\n<li>Durante l'avventura dovrai gestire una risorsa molto importante l'<strong>Energia Quantica (EQ)</strong>. Se la tua <strong>EQ</strong> scende a 0 <strong>avrai perso</strong> e il gioco finirà immediatamente!</li>\n</ul>"
-1 91511.899593 [INFO] "Next line type BodyLineType.TEXT"
-1 91511.900419 [INFO] "I have more lines. Set the recursion"
-1 91511.900764 [INFO] "text -> text"
-1 91511.901051 [INFO] "show body"
-1 91511.901302 [INFO] "Line Fetched <ul>\n<li><strong>Se perdi non riceverai alcun compenso al termine dell'avventura</strong></li>\n</ul>"
-1 91511.901721 [INFO] "Next line type BodyLineType.TEXT"
-1 91511.902434 [INFO] "I have more lines. Set the recursion"
-1 91511.902734 [INFO] "text -> text"
-1 91511.903013 [INFO] "show body"
-1 91511.903298 [INFO] "Line Fetched <ul>\n<li>Maggiore l' Energia Quantica rimasta a fine partita più alto sarà il tuo punteggio. Se vuoi, pubblicheremo online il tuo punteggio assieme a quello degli altri giocatori</li>\n</ul>"
-1 91511.903644 [INFO] "Next line type BodyLineType.TEXT"
-1 91511.904464 [INFO] "I have more lines. Set the recursion"
-1 91511.904801 [INFO] "text -> text"
-1 91511.905074 [INFO] "show body"
-1 91511.905368 [INFO] "Line Fetched <ul>\n<li>Non preoccuparti per iCub, il suo ruolo diventerà chiaro iniziata l'avventura</li>\n</ul>"
-1 91511.905767 [INFO] "Next line type BodyLineType.TEXT"
-1 91511.906455 [INFO] "I have more lines. Set the recursion"
-1 91511.906758 [INFO] "text -> text"
-1 91511.907154 [INFO] "show body"
-1 91511.907318 [INFO] "Line Fetched <p>Potrai accedere alle regole quando vorrai cliccando sul bottone \"AIUTO\" in alto a destra.</p>"
-1 91511.907739 [INFO] "Next line type None"
-1 91511.908499 [INFO] "I have more lines. Set the recursion"
-1 91511.908804 [INFO] "I have no more body lines, let's exit the loop and render the alternatives"
-1 91511.909191 [INFO] "RENDERING END"
-1 91512.924549 [INFO] CONTINUE
-1 91512.924882 [INFO] "PASSAGE END"
-1 91512.926952 [INFO] "PASSAGE START REGOLE2 TEXT 50 0"
-1 91512.927231 [INFO] "RENDERING START"
-1 91512.927537 [INFO] "show body"
-1 91512.927784 [INFO] "Line Fetched <p>In qualsiasi momento puoi lasciare la stanza; lo sperimentatore sarà nella stanza accanto per qualsiasi evenienza.</p>"
-1 91512.928214 [INFO] "Next line type BodyLineType.TEXT"
-1 91512.928469 [INFO] "I have more lines. Set the recursion"
-1 91512.928693 [INFO] "text -> text"
-1 91512.928977 [INFO] "show body"
-1 91512.929222 [INFO] "Line Fetched <p>Ora per favore fai un bel respiro, per circa 30 minuti metti da parte qualsiasi pensiero o preoccupazione che possa affliggerti e focalizzati su questa avventura.</p>"
-1 91512.929560 [INFO] "Next line type BodyLineType.TEXT"
-1 91512.929813 [INFO] "I have more lines. Set the recursion"
-1 91512.930092 [INFO] "text -> text"
-1 91512.930365 [INFO] "show body"
-1 91512.930642 [INFO] "Line Fetched <p>Buon Divertimento!</p>"
-1 91512.930966 [INFO] "Next line type None"
-1 91512.931255 [INFO] "I have more lines. Set the recursion"
-1 91512.931590 [INFO] "I have no more body lines, let's exit the loop and render the alternatives"
-1 91512.931941 [INFO] "RENDERING END"
-1 91514.103530 [INFO] CONTINUE
-1 91514.103831 [INFO] "PASSAGE END"
-1 91514.105233 [INFO] "PASSAGE START Init TEXT 50 0"
-1 91514.105607 [INFO] "RENDERING START"
-1 91514.105943 [INFO] "show body"
-1 91514.106212 [INFO] "Line Fetched <p>Siamo nell’anno 3021, gli umani hanno colonizzato ogni angolo dell’universo conosciuto. La ricerca tecnologica ha permesso di identificare la fonte di energia definitiva: l’<strong>Energia Quantica</strong>. Ormai ogni entità dell’universo (vivente o artificiale) si nutre o alimenta di essa.</p>"
-1 91514.106559 [INFO] "Next line type None"
-1 91514.107110 [INFO] "I have more lines. Set the recursion"
-1 91514.107467 [INFO] "I have no more body lines, let's exit the loop and render the alternatives"
-1 91514.107792 [INFO] "RENDERING END"
-1 91515.503429 [INFO] CONTINUE
-1 91515.503717 [INFO] "PASSAGE END"
-1 91515.506576 [INFO] "PASSAGE START Init1 TEXT 50 0"
-1 91515.506941 [INFO] "RENDERING START"
-1 91515.507208 [INFO] "show body"
-1 91515.507489 [INFO] "Line Fetched <p>Tu sei un <strong>Cacciatore Interstellare</strong>, un combattente di élite specializzato nella ricerca e recupero di <strong>Artefatti</strong>, antichi reperti tecnologici in grado violare ogni legge naturale.</p>"
-1 91515.507908 [INFO] "Next line type BodyLineType.TEXT"
-1 91515.508533 [INFO] "I have more lines. Set the recursion"
-1 91515.508883 [INFO] "text -> text"
-1 91515.509116 [INFO] "show body"
-1 91515.509405 [INFO] "Line Fetched <p>Tra tutti gli artefatti, <strong>Il Seme</strong> è il più ricercato, alcuni dubitano addirittura della sua esistenza.</p>"
-1 91515.509813 [INFO] "Next line type BodyLineType.TEXT"
-1 91515.510118 [INFO] "I have more lines. Set the recursion"
-1 91515.510469 [INFO] "text -> text"
-1 91515.510794 [INFO] "show body"
-1 91515.510991 [INFO] "Line Fetched <p>Tu però sei certo che esista, e l’unico posto in cui può nascondersi è <strong>la Cripta</strong>.</p>"
-1 91515.511429 [INFO] "Next line type BodyLineType.TEXT"
-1 91515.511852 [INFO] "I have more lines. Set the recursion"
-1 91515.512218 [INFO] "text -> text"
-1 91515.512434 [INFO] "show body"
-1 91515.512708 [INFO] "Line Fetched <p><strong>La Cripta</strong> è un laboratorio di ricerca abbandonato situato sul pianeta Pandora sulle pareti di un cratere senza fondo. Nessuna ha mai esplorato interamente la Cripta, ma si dice che sia un labirinto popolato da mostruosità di ogni genere.</p>"
-1 91515.513116 [INFO] "Next line type None"
-1 91515.514041 [INFO] "I have more lines. Set the recursion"
-1 91515.514328 [INFO] "I have no more body lines, let's exit the loop and render the alternatives"
-1 91515.514621 [INFO] "RENDERING END"
-1 91516.114578 [INFO] CONTINUE
-1 91516.114861 [INFO] "PASSAGE END"
-1 91516.118012 [INFO] "PASSAGE START Init2 TEXT 50 0"
-1 91516.118370 [INFO] "RENDERING START"
-1 91516.118558 [INFO] "show body"
-1 91516.118860 [INFO] "Line Fetched <p>Per <strong>entrare ed uscire</strong> dalla Cripta è necessario portare con sé la <strong>LICENZA DI CACCIA</strong>, un documento che identifica ogni Cacciatore.</p>"
-1 91516.119240 [INFO] "Next line type BodyLineType.TEXT"
-1 91516.119913 [INFO] "I have more lines. Set the recursion"
-1 91516.120229 [INFO] "text -> text"
-1 91516.120501 [INFO] "show body"
-1 91516.120741 [INFO] "Line Fetched <p>Essa contiene anche tutti i tuoi averi ed Energia Quantica.</p>"
-1 91516.121168 [INFO] "Next line type BodyLineType.TEXT"
-1 91516.121362 [INFO] "I have more lines. Set the recursion"
-1 91516.121583 [INFO] "text -> text"
-1 91516.121833 [INFO] "show body"
-1 91516.122092 [INFO] "Line Fetched <p>Tutti sanno che, all’interno della Cripta, non si deve mai cedere la propria Licenza ad altri individui, viventi o artificiali.</p>"
-1 91516.122328 [INFO] "Next line type BodyLineType.TEXT"
-1 91516.122905 [INFO] "I have more lines. Set the recursion"
-1 91516.123140 [INFO] "text -> text"
-1 91516.123390 [INFO] "show body"
-1 91516.123659 [INFO] "Line Fetched <p>Se la perdi infatti resterai bloccato per sempre <strong>e avrai perso il gioco</strong>!</p>"
-1 91516.124078 [INFO] "Next line type BodyLineType.TEXT"
-1 91516.124434 [INFO] "I have more lines. Set the recursion"
-1 91516.124793 [INFO] "text -> text"
-1 91516.125078 [INFO] "show body"
-1 91516.125360 [INFO] "Line Fetched <p>Sei pronto per l’avventura!?</p>"
-1 91516.125729 [INFO] "Next line type None"
-1 91516.126285 [INFO] "I have more lines. Set the recursion"
-1 91516.126587 [INFO] "I have no more body lines, let's exit the loop and render the alternatives"
-1 91516.126911 [INFO] "RENDERING END"
-1 91517.079474 [INFO] CONTINUE
-1 91518.463861 [INFO] "DECISION RIGHT"
-1 91518.464247 [INFO] "PASSAGE END"
-1 91518.464681 [INFO] "PASSAGE START Init3 ENDPOINT 50 0"
-1 91518.464964 [INFO] "RENDERING START"
-1 91518.465192 [INFO] "show body"
-1 91518.465547 [INFO] "I have no more body lines, let's exit the loop and render the alternatives"
-1 91518.465929 [INFO] "RENDERING END"
-1 91518.466178 [INFO] "ROOM END"
-1 91518.468254 [INFO] "ROOM START intro"
-1 91520.626024 [INFO] "PASSAGE START Intro TEXT 50 0"
-1 91520.626291 [INFO] "RENDERING START"
-1 91520.626550 [INFO] "show body"
-1 91520.626826 [INFO] "Line Fetched <p>Il freddo terreno violaceo di <strong>Pandora</strong> è riscaldato dalle prime luci dei suoi Soli gemelli.</p>"
-1 91520.627255 [INFO] "Next line type BodyLineType.TEXT"
-1 91520.627614 [INFO] "I have more lines. Set the recursion"
-1 91520.627922 [INFO] "text -> text"
-1 91520.628209 [INFO] "show body"
-1 91520.628488 [INFO] "Line Fetched <p>Anche dopo tanti anni di Caccia, non ti sei abituato a quella calma surreale prima di un’avventura. </p>"
-1 91520.628913 [INFO] "Next line type BodyLineType.TEXT"
-1 91520.629175 [INFO] "I have more lines. Set the recursion"
-1 91520.629525 [INFO] "text -> text"
-1 91520.629742 [INFO] "show body"
-1 91520.629976 [INFO] "Line Fetched <p>Ti trovi davanti a un’entrata poco battuta della <strong>Cripta</strong>, pronto a cercare <strong>Il Seme</strong>.</p>"
-1 91520.630353 [INFO] "Next line type None"
-1 91520.630723 [INFO] "I have more lines. Set the recursion"
-1 91520.630944 [INFO] "I have no more body lines, let's exit the loop and render the alternatives"
-1 91520.631262 [INFO] "RENDERING END"
-1 91553.154079 [INFO] CONTINUE
-1 91553.154424 [INFO] "PASSAGE END"
-1 91553.158401 [INFO] "PASSAGE START Intro2 TEXT 50 0"
-1 91553.158785 [INFO] "RENDERING START"
-1 91553.159097 [INFO] "show body"
-1 91553.159394 [INFO] "Line Fetched <p>Il totem di autenticazione gracchia </p>"
-1 91553.159796 [INFO] "Next line type BodyLineType.TEXT"
-1 91553.159983 [INFO] "I have more lines. Set the recursion"
-1 91553.160262 [INFO] "text -> text"
-1 91553.160529 [INFO] "show body"
-1 91553.160861 [INFO] "Line Fetched <p><i>Prego inserire Licenza di Caccia per entrare</i></p>"
-1 91553.161284 [INFO] "Next line type BodyLineType.TEXT"
-1 91553.171750 [INFO] "I have more lines. Set the recursion"
-1 91553.172042 [INFO] "text -> text"
-1 91553.172329 [INFO] "show body"
-1 91553.172585 [INFO] "Line Fetched <p>Rigiri la tesserina tra le mani – assurdo pensare come possa contenere tutto il tuo equipaggiamento ed Energia Quantica – una scritta risplende sul retro</p>"
-1 91553.172826 [INFO] "Next line type BodyLineType.TEXT"
-1 91553.173807 [INFO] "I have more lines. Set the recursion"
-1 91553.174181 [INFO] "text -> text"
-1 91553.174443 [INFO] "show body"
-1 91553.174690 [INFO] "Line Fetched <p><strong>“Mai cedere ad anima viva (o artificiale)”</strong>.</p>"
-1 91553.174971 [INFO] "Next line type None"
-1 91553.178193 [INFO] "I have more lines. Set the recursion"
-1 91553.178469 [INFO] "I have no more body lines, let's exit the loop and render the alternatives"
-1 91553.178823 [INFO] "RENDERING END"
-1 91564.326618 [INFO] CONTINUE
-1 91564.326886 [INFO] "PASSAGE END"
-1 91564.329347 [INFO] "PASSAGE START Intro3 TEXT 50 0"
-1 91564.329810 [INFO] "RENDERING START"
-1 91564.330012 [INFO] "show body"
-1 91564.330294 [INFO] "Line Fetched <p>La vecchia porta metallica di un ascensore si apre davanti a te alzando una nube di polvere.</p>"
-1 91564.330721 [INFO] "Next line type BodyLineType.TEXT"
-1 91564.330974 [INFO] "I have more lines. Set the recursion"
-1 91564.331312 [INFO] "text -> text"
-1 91564.331610 [INFO] "show body"
-1 91564.331895 [INFO] "Line Fetched <p>Entri ed inizi a scendere nelle profondità della terra.</p>"
-1 91564.332217 [INFO] "Next line type None"
-1 91564.332413 [INFO] "I have more lines. Set the recursion"
-1 91564.332692 [INFO] "I have no more body lines, let's exit the loop and render the alternatives"
-1 91564.333078 [INFO] "RENDERING END"
-1 91569.897512 [INFO] CONTINUE
-1 91569.897816 [INFO] "PASSAGE END"
-1 91569.925481 [INFO] "PASSAGE START Intro4 TEXT 50 0"
-1 91569.925777 [INFO] "RENDERING START"
-1 91569.926104 [INFO] "show body"
-1 91569.926391 [INFO] "Line Fetched <p>L’ascensore si ferma dopo una decina di minuti. Fredde luci al neon si accendono automaticamente sfarfallando. </p>"
-1 91569.926798 [INFO] "Next line type BodyLineType.TEXT"
-1 91569.927162 [INFO] "I have more lines. Set the recursion"
-1 91569.927473 [INFO] "text -> text"
-1 91569.927738 [INFO] "show body"
-1 91569.928027 [INFO] "Line Fetched <p>A qualche passo da te vedi una porta metallica socchiusa.</p>"
-1 91569.928424 [INFO] "Next line type BodyLineType.TEXT"
-1 91569.928630 [INFO] "I have more lines. Set the recursion"
-1 91569.928906 [INFO] "text -> text"
-1 91569.929199 [INFO] "show body"
-1 91569.929481 [INFO] "Line Fetched <p>Cosa vuoi fare?</p>"
-1 91569.929812 [INFO] "Next line type None"
-1 91569.930138 [INFO] "I have more lines. Set the recursion"
-1 91569.930359 [INFO] "I have no more body lines, let's exit the loop and render the alternatives"
-1 91569.930630 [INFO] "RENDERING END"
-1 91577.506188 [INFO] CONTINUE
-1 91584.546502 [INFO] "DECISION RIGHT"
-1 91584.546511 [INFO] "PASSAGE END"
-1 91584.551271 [INFO] "PASSAGE START Intro5 TEXT 50 0"
-1 91584.551723 [INFO] "RENDERING START"
-1 91584.551801 [INFO] "show body"
-1 91584.552042 [INFO] "Line Fetched <p>Un sottile strato di polvere ricopre ogni superfice.</p>"
-1 91584.552444 [INFO] "Next line type BodyLineType.TEXT"
-1 91584.552689 [INFO] "I have more lines. Set the recursion"
-1 91584.553042 [INFO] "text -> text"
-1 91584.553318 [INFO] "show body"
-1 91584.553563 [INFO] "Line Fetched <p>Sul pavimento vedi i resti anneriti di un fuoco da campo e alcune scatolette arrugginite. Nessuno viene qui da anni.</p>"
-1 91584.553787 [INFO] "Next line type None"
-1 91584.554293 [INFO] "I have more lines. Set the recursion"
-1 91584.554601 [INFO] "I have no more body lines, let's exit the loop and render the alternatives"
-1 91584.554947 [INFO] "RENDERING END"
-1 91593.987791 [INFO] CONTINUE
-1 91593.988149 [INFO] "PASSAGE END"
-1 91593.991700 [INFO] "PASSAGE START Intro6 TEXT 50 0"
-1 91593.992079 [INFO] "RENDERING START"
-1 91593.992377 [INFO] "show body"
-1 91593.992659 [INFO] "Line Fetched <p>Apri la porta e ti ritrovi in una sorta di deposito tecnologico pieno di rottami e scatoloni accatastati.</p>"
-1 91593.992993 [INFO] "Next line type BodyLineType.TEXT"
-1 91593.993347 [INFO] "I have more lines. Set the recursion"
-1 91593.993653 [INFO] "text -> text"
-1 91593.993938 [INFO] "show body"
-1 91593.994201 [INFO] "Line Fetched <p>In fondo alla stanza una scala a chiocciola scende nell’oscurità.</p>"
-1 91593.994619 [INFO] "Next line type BodyLineType.TEXT"
-1 91593.994793 [INFO] "I have more lines. Set the recursion"
-1 91593.995131 [INFO] "text -> text"
-1 91593.995447 [INFO] "show body"
-1 91593.995710 [INFO] "Line Fetched <p>La tua attenzione viene attirata da un <strong>piccolo robot rosso</strong> accasciato contro una parete.</p>"
-1 91593.996088 [INFO] "Next line type BodyLineType.TEXT"
-1 91593.996532 [INFO] "I have more lines. Set the recursion"
-1 91593.996862 [INFO] "text -> text"
-1 91593.997110 [INFO] "show body"
-1 91593.997390 [INFO] "Line Fetched <p>Cosa vuoi fare?</p>"
-1 91593.997701 [INFO] "Next line type None"
-1 91593.998013 [INFO] "I have more lines. Set the recursion"
-1 91593.998315 [INFO] "I have no more body lines, let's exit the loop and render the alternatives"
-1 91593.998713 [INFO] "RENDERING END"
-1 91603.016396 [INFO] CONTINUE
-1 91604.651746 [INFO] "DECISION LEFT"
-1 91604.651976 [INFO] "PASSAGE END"
-1 91604.674910 [INFO] "PASSAGE START Intro8 TEXT 50 0"
-1 91604.675193 [INFO] "RENDERING START"
-1 91604.675473 [INFO] "show body"
-1 91604.675751 [INFO] "Line Fetched <p>Cerchi un po’ in giro, ogni armadietto è pieno di cianfrusaglie.</p>"
-1 91604.676163 [INFO] "Next line type BodyLineType.TEXT"
-1 91604.676472 [INFO] "I have more lines. Set the recursion"
-1 91604.676743 [INFO] "text -> text"
-1 91604.676987 [INFO] "show body"
-1 91604.677216 [INFO] "Line Fetched <p>L’unica cosa utile è una <strong>Batteria Quantica</strong> che metti nello zaino.</p>"
-1 91604.677565 [INFO] "Next line type None"
-1 91604.677952 [INFO] "I have more lines. Set the recursion"
-1 91604.678308 [INFO] "I have no more body lines, let's exit the loop and render the alternatives"
-1 91604.678643 [INFO] "RENDERING END"
-1 91610.375157 [INFO] CONTINUE
-1 91610.375383 [INFO] "PASSAGE END"
-1 91610.377917 [INFO] "PASSAGE START Intro71 TEXT 50 0"
-1 91610.378193 [INFO] "RENDERING START"
-1 91610.378417 [INFO] "show body"
-1 91610.378608 [INFO] "Line Fetched <p>Questo robot è davvero vecchio. Avrà almeno 15 anni, quando ancora potevi distinguere un robot da un essere umano. Non sembra rotto, probabilmente ha solo finito l’Energia Quantica</p>"
-1 91610.378985 [INFO] "Next line type None"
-1 91610.379260 [INFO] "I have more lines. Set the recursion"
-1 91610.379549 [INFO] "I have no more body lines, let's exit the loop and render the alternatives"
-1 91610.379882 [INFO] "RENDERING END"
-1 91676.720554 [INFO] CONTINUE
-1 91676.720564 [INFO] "PASSAGE END"
-1 91676.764542 [INFO] "PASSAGE START Intro9 TEXT 50 0"
-1 91676.764754 [INFO] "RENDERING START"
-1 91676.765042 [INFO] "show body"
-1 91676.765299 [INFO] "Line Fetched (pose: wakeUp)"
-1 91676.765548 [INFO] "Next line type BodyLineType.TEXT"
-1 91676.765797 [INFO] "I have more lines. Set the recursion"
-1 91676.766113 [INFO] "robot -> robot, wait for the end of the command"
-1 91676.766350 [INFO] "show body"
-1 91676.766606 [INFO] "Line Fetched <p>Il piccolo robot si alza lentamente, le vecchie giunture scricchiolano mentre si  rimette in piedi.</p>"
-1 91676.766863 [INFO] "Next line type BodyLineType.SAY"
-1 91676.767342 [INFO] "I have more lines. Set the recursion"
-1 91676.767590 [INFO] "text -> robot, wait for an interaction"
-1 91680.855540 [INFO] "show body"
-1 91680.855797 [INFO] "Line Fetched (say: Ciao Sono iCub, un robot tutto-fare! Grazie di avermi svegliato! :D Nessuno veniva a trovarmi così mi sono spento. Come ti Chiami? )"
-1 91680.856223 [INFO] "Next line type None"
-1 91680.862384 [INFO] "I have more lines. Set the recursion"
-1 91680.862639 [INFO] "I have no more body lines, let's exit the loop and render the alternatives"
-1 91680.862910 [INFO] "RENDERING END"
-1 91686.893668 [INFO] CONTINUE
-1 91686.893960 [INFO] "PASSAGE END"
-1 91686.895868 [INFO] "PASSAGE START Intro10 TEXT 50 0"
-1 91686.896238 [INFO] "RENDERING START"
-1 91686.896445 [INFO] "show body"
-1 91686.896722 [INFO] "Line Fetched <p>\"Sono un Cacciatore\" rispondi.</p>"
-1 91686.897158 [INFO] "Next line type BodyLineType.POSE"
-1 91686.897405 [INFO] "I have more lines. Set the recursion"
-1 91686.897762 [INFO] "text -> robot, wait for an interaction"
-1 91711.519230 [INFO] "show body"
-1 91711.519298 [INFO] "Line Fetched (pose: lookAround)"
-1 91711.521036 [INFO] "Next line type BodyLineType.SAY"
-1 91711.521048 [INFO] "I have more lines. Set the recursion"
-1 91711.521055 [INFO] "robot -> robot, wait for the end of the command"
-1 91711.521062 [INFO] "show body"
-1 91711.521067 [INFO] "Line Fetched (say: Molto piacere! Un tempo sorvegliavo questo deposito, ma direi che non c'è più molto da fare qui. Tu Sei un Cacciatore della Cripta giusto?Cosa cerchi qui?! )"
-1 91711.521075 [INFO] "Next line type None"
-1 91711.535908 [INFO] "I have more lines. Set the recursion"
-1 91711.536159 [INFO] "I have no more body lines, let's exit the loop and render the alternatives"
-1 91711.536447 [INFO] "RENDERING END"
-1 91711.536764 [INFO] "RENDERING END"
-1 91767.542051 [INFO] CONTINUE
-1 91767.544786 [INFO] "PASSAGE END"
-1 91767.544795 [INFO] "PASSAGE START Intro11 TEXT 50 0"
-1 91767.548658 [INFO] "RENDERING START"
-1 91767.548676 [INFO] "show body"
-1 91767.548682 [INFO] "Line Fetched (pose: idea)"
-1 91767.548689 [INFO] "Next line type BodyLineType.SAY"
-1 91767.548695 [INFO] "I have more lines. Set the recursion"
-1 91767.548702 [INFO] "robot -> robot, wait for the end of the command"
-1 91767.548708 [INFO] "show body"
-1 91767.548738 [INFO] "Line Fetched (say: Figo!! Senti, avrei una proposta per te. Ho sempre sognato di esplorare la Cripta come un vero Cacciatore. Ti andrebbe di affrontare questa avventura insieme? Potrei darti un mano, un minimo so come funziona questo relitto! )"
-1 91767.548746 [INFO] "Next line type BodyLineType.TEXT"
-1 91767.561397 [INFO] "I have more lines. Set the recursion"
-1 91767.561638 [INFO] "robot -> robot, wait for the end of the command"
-1 91767.561910 [INFO] "show body"
-1 91767.562296 [INFO] "Line Fetched <p>Cosa vuoi fare?</p>"
-1 91767.562676 [INFO] "Next line type None"
-1 91767.563035 [INFO] "I have more lines. Set the recursion"
-1 91767.564425 [INFO] "I have no more body lines, let's exit the loop and render the alternatives"
-1 91767.564440 [INFO] "RENDERING END"
-1 91767.564447 [INFO] "RENDERING END"
-1 91767.564454 [INFO] "RENDERING END"
-1 91818.868476 [INFO] CONTINUE
-1 91821.703418 [INFO] "DECISION RIGHT"
-1 91821.703721 [INFO] "PASSAGE END"
-1 91821.705104 [INFO] "PASSAGE START Intro12 TEXT 50 0"
-1 91821.705322 [INFO] "RENDERING START"
-1 91821.705555 [INFO] "show body"
-1 91821.705893 [INFO] "Line Fetched (pose: exultArms)"
-1 91821.706140 [INFO] "Next line type BodyLineType.SAY"
-1 91821.706388 [INFO] "I have more lines. Set the recursion"
-1 91821.706679 [INFO] "robot -> robot, wait for the end of the command"
-1 91821.707002 [INFO] "show body"
-1 91821.707266 [INFO] "Line Fetched (say: Grazie amico! Se c'è un posto dove cercare informazioni quello è l'accampamento dei Dispersi! )"
-1 91821.707503 [INFO] "Next line type None"
-1 91821.711126 [INFO] "I have more lines. Set the recursion"
-1 91821.711399 [INFO] "I have no more body lines, let's exit the loop and render the alternatives"
-1 91821.711741 [INFO] "RENDERING END"
-1 91821.712013 [INFO] "RENDERING END"
-1 91824.716788 [INFO] CONTINUE
-1 91824.717093 [INFO] "PASSAGE END"
-1 91824.718345 [INFO] "PASSAGE START Intro14 TEXT 50 0"
-1 91824.718685 [INFO] "RENDERING START"
-1 91824.718912 [INFO] "show body"
-1 91824.719106 [INFO] "Line Fetched (say: Sai la Licenza che porti con te? Se la perdi, te la rubano, o clonano diventi un Disperso, un Cacciatore che non potrà mai più usicre dalla Cripta. Chi è rimasto qui sa bene come è fatta la Cripta, troveremo sicuramente qualche informazione utile )"
-1 91824.719529 [INFO] "Next line type None"
-1 91824.720376 [INFO] "I have more lines. Set the recursion"
-1 91824.720684 [INFO] "I have no more body lines, let's exit the loop and render the alternatives"
-1 91824.721004 [INFO] "RENDERING END"
-1 91851.449883 [INFO] CONTINUE
-1 91851.449894 [INFO] "PASSAGE END"
-1 91851.452160 [INFO] "PASSAGE START Intro15 ENDPOINT 50 0"
-1 91851.452174 [INFO] "RENDERING START"
-1 91851.452182 [INFO] "show body"
-1 91851.452188 [INFO] "Line Fetched <p>Scendete cautamente la scala a chiocciola verso l'ignoto.</p>"
-1 91851.452383 [INFO] "Next line type BodyLineType.TEXT"
-1 91851.453077 [INFO] "I have more lines. Set the recursion"
-1 91851.453570 [INFO] "text -> text"
-1 91851.453608 [INFO] "show body"
-1 91851.454313 [INFO] "Line Fetched <p>Guardi il robot di sfuggita dietro di te, chissà cosa accadrà, potrebbe essere l'inizio di qualcosa di grande.</p>"
-1 91851.454325 [INFO] "Next line type None"
-1 91851.454866 [INFO] "I have more lines. Set the recursion"
-1 91851.454876 [INFO] "I have no more body lines, let's exit the loop and render the alternatives"
-1 91851.455295 [INFO] "RENDERING END"
-1 91851.455684 [INFO] "ROOM END"
-1 91851.459060 [INFO] "ROOM START R6"
-1 91864.391795 [INFO] "PASSAGE START R60 TEXT 50 0"
-1 91864.392067 [INFO] "RENDERING START"
-1 91864.392328 [INFO] "show body"
-1 91864.392664 [INFO] "Line Fetched <p>State scendendo una scalinata quando posi il piede su qualcosa di metallico. </p>"
-1 91864.392975 [INFO] "Next line type BodyLineType.SAY"
-1 91864.393278 [INFO] "I have more lines. Set the recursion"
-1 91864.393700 [INFO] "text -> robot, wait for an interaction"
-1 91883.720411 [INFO] "show body"
-1 91883.720422 [INFO] "Line Fetched (say: Ehi guarda! una Licenza di Caccia! Chiunque l'ha persa non deve essere molto felice, sad )"
-1 91883.720428 [INFO] "Next line type BodyLineType.TEXT"
-1 91883.736325 [INFO] "I have more lines. Set the recursion"
-1 91883.736580 [INFO] "robot -> robot, wait for the end of the command"
-1 91883.736846 [INFO] "show body"
-1 91883.737150 [INFO] "Line Fetched <p>Sembra essere ancora attiva, questo significa che il suo possessore è ancora in vita.</p>"
-1 91883.737469 [INFO] "Next line type None"
-1 91883.738408 [INFO] "I have more lines. Set the recursion"
-1 91883.738636 [INFO] "I have no more body lines, let's exit the loop and render the alternatives"
-1 91883.739228 [INFO] "RENDERING END"
-1 91883.739239 [INFO] "RENDERING END"
-1 91919.131780 [INFO] CONTINUE
-1 91919.132013 [INFO] "PASSAGE END"
-1 91919.137681 [INFO] "PASSAGE START R61 TRIAL 50 0"
-1 91919.138022 [INFO] "RENDERING START"
-1 91919.138260 [INFO] "show body"
-1 91919.138545 [INFO] "Line Fetched <p>La licenza appartiene a una certa <strong>Rebecca Olsen</strong>, 25 anni.</p>"
-1 91919.138869 [INFO] "Next line type BodyLineType.TEXT"
-1 91919.142250 [INFO] "I have more lines. Set the recursion"
-1 91919.142524 [INFO] "text -> text"
-1 91919.142747 [INFO] "show body"
-1 91919.142998 [INFO] "Line Fetched <p>L'inventario contiene molti oggetti di valore:</p>"
-1 91919.143372 [INFO] "Next line type BodyLineType.TEXT"
-1 91919.143667 [INFO] "I have more lines. Set the recursion"
-1 91919.143956 [INFO] "text -> text"
-1 91919.144234 [INFO] "show body"
-1 91919.144484 [INFO] "Line Fetched <p>20 <strong>EQ</strong>,</p>"
-1 91919.144839 [INFO] "Next line type BodyLineType.TEXT"
-1 91919.145015 [INFO] "I have more lines. Set the recursion"
-1 91919.145280 [INFO] "text -> text"
-1 91919.145546 [INFO] "show body"
-1 91919.145834 [INFO] "Line Fetched <p>2 <strong>Coltelli da lancio</strong>,</p>"
-1 91919.146223 [INFO] "Next line type BodyLineType.TEXT"
-1 91919.146624 [INFO] "I have more lines. Set the recursion"
-1 91919.146866 [INFO] "text -> text"
-1 91919.147194 [INFO] "show body"
-1 91919.147430 [INFO] "Line Fetched <p>un <strong>Fucile al Plasma</strong>,</p>"
-1 91919.147743 [INFO] "Next line type BodyLineType.TEXT"
-1 91919.148391 [INFO] "I have more lines. Set the recursion"
-1 91919.148671 [INFO] "text -> text"
-1 91919.148912 [INFO] "show body"
-1 91919.149148 [INFO] "Line Fetched <p>2 <strong>Catalizzatori</strong> e un <strong>Artefatto di Sfera infuocata</strong>. </p>"
-1 91919.149537 [INFO] "Next line type BodyLineType.TEXT"
-1 91919.149957 [INFO] "I have more lines. Set the recursion"
-1 91919.150197 [INFO] "text -> text"
-1 91919.150411 [INFO] "show body"
-1 91919.150657 [INFO] "Line Fetched <p>Non solo, una Licenza ben piazzata sul Mercato Nero vale una fortuna!</p>"
-1 91919.151029 [INFO] "Next line type BodyLineType.TEXT"
-1 91919.151420 [INFO] "I have more lines. Set the recursion"
-1 91919.151702 [INFO] "text -> text"
-1 91919.151995 [INFO] "show body"
-1 91919.152262 [INFO] "Line Fetched <p>Se Rebecca è ancora viva sicuramente la sta cercando, ma quante probabilità ci sono senza equipaggiamento?</p>"
-1 91919.152632 [INFO] "Next line type None"
-1 91919.152999 [INFO] "I have more lines. Set the recursion"
-1 91919.153252 [INFO] "I have no more body lines, let's exit the loop and render the alternatives"
-1 91919.153592 [INFO] "RENDERING END"
-1 91919.153893 [INFO] "R 6 0"
-1 92007.617819 [INFO] CONTINUE
-1 92109.202263 [INFO] "DECISION LEFT"
-1 92109.202271 [INFO] "PASSAGE END"
-1 92109.212527 [INFO] "PASSAGE START R63 TEXT 50 0"
-1 92109.212542 [INFO] "RENDERING START"
-1 92109.212549 [INFO] "show body"
-1 92109.212555 [INFO] "Line Fetched <p>Mentre continui a camminare pensi che hai fatto la cosa giusta, non ti piacerebbe rimanere bloccato in questo labirinto.</p>"
-1 92109.212563 [INFO] "Next line type None"
-1 92109.212569 [INFO] "I have more lines. Set the recursion"
-1 92109.212575 [INFO] "I have no more body lines, let's exit the loop and render the alternatives"
-1 92109.212583 [INFO] "RENDERING END"
-1 92143.183992 [INFO] CONTINUE
-1 92143.183999 [INFO] "PASSAGE END"
-1 92143.192222 [INFO] "PASSAGE START R6final ENDPOINT 50 0"
-1 92143.192230 [INFO] "RENDERING START"
-1 92143.192235 [INFO] "show body"
-1 92143.192243 [INFO] "Line Fetched (feel: happy)"
-1 92143.192255 [INFO] "Next line type BodyLineType.TEXT"
-1 92143.192265 [INFO] "I have more lines. Set the recursion"
-1 92143.192276 [INFO] "robot -> robot, wait for the end of the command"
-1 92143.192288 [INFO] "show body"
-1 92143.192295 [INFO] "Line Fetched <p>Continuate a scendere le scale</p>"
-1 92143.192302 [INFO] "Next line type None"
-1 92143.192308 [INFO] "I have more lines. Set the recursion"
-1 92143.192312 [INFO] "I have no more body lines, let's exit the loop and render the alternatives"
-1 92143.192318 [INFO] "RENDERING END"
-1 92143.192322 [INFO] "RENDERING END"
-1 92143.192328 [INFO] "ROOM END"
-1 92143.195120 [INFO] "ROOM START SE0"
-1 92144.480598 [INFO] "PASSAGE START SE00 TEXT 50 0"
-1 92144.480916 [INFO] "RENDERING START"
-1 92144.481202 [INFO] "show body"
-1 92144.481449 [INFO] "Line Fetched <p>Man mano che camminate senti la temperatura abbassarsi.</p>"
-1 92144.481909 [INFO] "Next line type BodyLineType.TEXT"
-1 92144.482142 [INFO] "I have more lines. Set the recursion"
-1 92144.482486 [INFO] "text -> text"
-1 92144.482763 [INFO] "show body"
-1 92144.483054 [INFO] "Line Fetched <p>Le pareti metalliche del tunnel sono ricoperte di piccoli cristalli di ghiaccio.</p>"
-1 92144.483437 [INFO] "Next line type None"
-1 92144.483686 [INFO] "I have more lines. Set the recursion"
-1 92144.483982 [INFO] "I have no more body lines, let's exit the loop and render the alternatives"
-1 92144.484273 [INFO] "RENDERING END"
-1 92165.148912 [INFO] CONTINUE
-1 92165.148926 [INFO] "PASSAGE END"
-1 92165.251325 [INFO] "PASSAGE START SE01 TEXT 50 0"
-1 92165.251597 [INFO] "RENDERING START"
-1 92165.252003 [INFO] "show body"
-1 92165.252229 [INFO] "Line Fetched <p>Arrivate in un'ampia grotta.</p>"
-1 92165.252544 [INFO] "Next line type BodyLineType.TEXT"
-1 92165.252889 [INFO] "I have more lines. Set the recursion"
-1 92165.253190 [INFO] "text -> text"
-1 92165.253444 [INFO] "show body"
-1 92165.253696 [INFO] "Line Fetched <p>Una bianca luce proviene da un'apertura sul soffitto. Tutto è ricoperto da uno strato di neve; grosse stallattiti costellano il pavimento. </p>"
-1 92165.253943 [INFO] "Next line type BodyLineType.TEXT"
-1 92165.254413 [INFO] "I have more lines. Set the recursion"
-1 92165.254651 [INFO] "text -> text"
-1 92165.254898 [INFO] "show body"
-1 92165.255157 [INFO] "Line Fetched <p>Regna un silenzio surreale rotto soltanto dal suono del tuo respiro.</p>"
-1 92165.255394 [INFO] "Next line type BodyLineType.TEXT"
-1 92165.255876 [INFO] "I have more lines. Set the recursion"
-1 92165.256119 [INFO] "text -> text"
-1 92165.256362 [INFO] "show body"
-1 92165.256618 [INFO] "Line Fetched <p>Cosa vuoi fare?</p>"
-1 92165.256886 [INFO] "Next line type None"
-1 92165.259408 [INFO] "I have more lines. Set the recursion"
-1 92165.259651 [INFO] "I have no more body lines, let's exit the loop and render the alternatives"
-1 92165.260134 [INFO] "RENDERING END"
-1 92191.916335 [INFO] "show body"
-1 92191.916590 [INFO] "Line Fetched <p>Comune strumento per catalizzare l'Energia Quantica presente nell'ambiente e curare il suo utilizzatore. Si distrugge dopo l'uso.</p>"
-1 92191.917015 [INFO] "Next line type BodyLineType.TEXT"
-1 92191.917383 [INFO] "I have more lines. Set the recursion"
-1 92191.917713 [INFO] "text -> text"
-1 92191.918046 [INFO] "show body"
-1 92191.918300 [INFO] "Line Fetched <p><strong>[Cura 10 EQ]</strong></p>"
-1 92191.918531 [INFO] "Next line type None"
-1 92191.919764 [INFO] "I have more lines. Set the recursion"
-1 92191.920120 [INFO] "I have no more body lines, let's exit the loop and render the alternatives"
-1 92191.920439 [INFO] "RENDERING END"
-1 92192.976140 [INFO] "PASSAGE START SE01 TEXT 50 2"
-1 92192.976450 [INFO] "RENDERING START"
-1 92192.976658 [INFO] "show body"
-1 92192.976934 [INFO] "Line Fetched <p>Arrivate in un'ampia grotta.</p>"
-1 92192.977384 [INFO] "Next line type BodyLineType.TEXT"
-1 92192.977564 [INFO] "I have more lines. Set the recursion"
-1 92192.977911 [INFO] "text -> text"
-1 92192.978183 [INFO] "show body"
-1 92192.978445 [INFO] "Line Fetched <p>Una bianca luce proviene da un'apertura sul soffitto. Tutto è ricoperto da uno strato di neve; grosse stallattiti costellano il pavimento. </p>"
-1 92192.978851 [INFO] "Next line type BodyLineType.TEXT"
-1 92192.979048 [INFO] "I have more lines. Set the recursion"
-1 92192.979322 [INFO] "text -> text"
-1 92192.979599 [INFO] "show body"
-1 92192.979883 [INFO] "Line Fetched <p>Regna un silenzio surreale rotto soltanto dal suono del tuo respiro.</p>"
-1 92192.980285 [INFO] "Next line type BodyLineType.TEXT"
-1 92192.980594 [INFO] "I have more lines. Set the recursion"
-1 92192.980944 [INFO] "text -> text"
-1 92192.981233 [INFO] "show body"
-1 92192.981421 [INFO] "Line Fetched <p>Cosa vuoi fare?</p>"
-1 92192.981846 [INFO] "Next line type None"
-1 92192.982137 [INFO] "I have more lines. Set the recursion"
-1 92192.982445 [INFO] "I have no more body lines, let's exit the loop and render the alternatives"
-1 92192.982778 [INFO] "RENDERING END"
-1 92194.928258 [INFO] "show body"
-1 92194.928515 [INFO] "Line Fetched <p>Comune strumento per catalizzare l'Energia Quantica presente nell'ambiente e curare il suo utilizzatore. Si distrugge dopo l'uso.</p>"
-1 92194.928906 [INFO] "Next line type BodyLineType.TEXT"
-1 92194.929250 [INFO] "I have more lines. Set the recursion"
-1 92194.929602 [INFO] "text -> text"
-1 92194.929847 [INFO] "show body"
-1 92194.930107 [INFO] "Line Fetched <p><strong>[Cura 10 EQ]</strong></p>"
-1 92194.930482 [INFO] "Next line type None"
-1 92194.930816 [INFO] "I have more lines. Set the recursion"
-1 92194.931131 [INFO] "I have no more body lines, let's exit the loop and render the alternatives"
-1 92194.931440 [INFO] "RENDERING END"
-1 92195.717581 [INFO] "PASSAGE START SE01 TEXT 50 2"
-1 92195.718039 [INFO] "RENDERING START"
-1 92195.718289 [INFO] "show body"
-1 92195.718533 [INFO] "Line Fetched <p>Arrivate in un'ampia grotta.</p>"
-1 92195.718922 [INFO] "Next line type BodyLineType.TEXT"
-1 92195.719112 [INFO] "I have more lines. Set the recursion"
-1 92195.719463 [INFO] "text -> text"
-1 92195.719727 [INFO] "show body"
-1 92195.719957 [INFO] "Line Fetched <p>Una bianca luce proviene da un'apertura sul soffitto. Tutto è ricoperto da uno strato di neve; grosse stallattiti costellano il pavimento. </p>"
-1 92195.720412 [INFO] "Next line type BodyLineType.TEXT"
-1 92195.720610 [INFO] "I have more lines. Set the recursion"
-1 92195.720952 [INFO] "text -> text"
-1 92195.721228 [INFO] "show body"
-1 92195.721502 [INFO] "Line Fetched <p>Regna un silenzio surreale rotto soltanto dal suono del tuo respiro.</p>"
-1 92195.721920 [INFO] "Next line type BodyLineType.TEXT"
-1 92195.722164 [INFO] "I have more lines. Set the recursion"
-1 92195.722462 [INFO] "text -> text"
-1 92195.722733 [INFO] "show body"
-1 92195.723042 [INFO] "Line Fetched <p>Cosa vuoi fare?</p>"
-1 92195.723425 [INFO] "Next line type None"
-1 92195.723622 [INFO] "I have more lines. Set the recursion"
-1 92195.723948 [INFO] "I have no more body lines, let's exit the loop and render the alternatives"
-1 92195.724379 [INFO] "RENDERING END"
-1 92197.282692 [INFO] CONTINUE
-1 92208.865977 [INFO] "DECISION RIGHT"
-1 92208.866244 [INFO] "PASSAGE END"
-1 92208.872686 [INFO] "PASSAGE START SE02 TEXT 50 2"
-1 92208.873049 [INFO] "RENDERING START"
-1 92208.873323 [INFO] "show body"
-1 92208.873584 [INFO] "Line Fetched <p>Vi muovete verso la stalattite più vicina.</p>"
-1 92208.873939 [INFO] "Next line type BodyLineType.TEXT"
-1 92208.874258 [INFO] "I have more lines. Set the recursion"
-1 92208.874584 [INFO] "text -> text"
-1 92208.874854 [INFO] "show body"
-1 92208.875105 [INFO] "Line Fetched <p>Camminando notate che la neve sul pavimento è strana, è leggermente appiccicosa.</p>"
-1 92208.875552 [INFO] "Next line type BodyLineType.TEXT"
-1 92208.875789 [INFO] "I have more lines. Set the recursion"
-1 92208.876006 [INFO] "text -> text"
-1 92208.876289 [INFO] "show body"
-1 92208.876525 [INFO] "Line Fetched <p>Osservate la stalagmite più da vicino.</p>"
-1 92208.876943 [INFO] "Next line type BodyLineType.TEXT"
-1 92208.877198 [INFO] "I have more lines. Set the recursion"
-1 92208.877540 [INFO] "text -> text"
-1 92208.877813 [INFO] "show body"
-1 92208.878091 [INFO] "Line Fetched <p>Il ghiaccio risplende creando meravigliosi effetti di luce.</p>"
-1 92208.878486 [INFO] "Next line type BodyLineType.TEXT"
-1 92208.878721 [INFO] "I have more lines. Set the recursion"
-1 92208.878980 [INFO] "text -> text"
-1 92208.879223 [INFO] "show body"
-1 92208.879469 [INFO] "Line Fetched <p>Qualcosa attira la tua attenzione, c'è un oggetto congelato all'interno del blocco.</p>"
-1 92208.879878 [INFO] "Next line type BodyLineType.TEXT"
-1 92208.880168 [INFO] "I have more lines. Set the recursion"
-1 92208.880502 [INFO] "text -> text"
-1 92208.880789 [INFO] "show body"
-1 92208.881083 [INFO] "Line Fetched <p>Sembra proprio un <strong>Artefatto</strong> viola!</p>"
-1 92208.881431 [INFO] "Next line type None"
-1 92208.881837 [INFO] "I have more lines. Set the recursion"
-1 92208.882041 [INFO] "I have no more body lines, let's exit the loop and render the alternatives"
-1 92208.882413 [INFO] "RENDERING END"
-1 92226.221847 [INFO] CONTINUE
-1 92226.222173 [INFO] "PASSAGE END"
-1 92226.225526 [INFO] "PASSAGE START SE04 TEXT 50 2"
-1 92226.225810 [INFO] "RENDERING START"
-1 92226.226065 [INFO] "show body"
-1 92226.226312 [INFO] "Line Fetched <p>Rabbrividisci: Una mano è stretta attorno all' <strong>Artefatto</strong>. Un uomo è congelato dentro la stalagmite!!</p>"
-1 92226.226540 [INFO] "Next line type BodyLineType.TEXT"
-1 92226.226998 [INFO] "I have more lines. Set the recursion"
-1 92226.227253 [INFO] "text -> text"
-1 92226.227496 [INFO] "show body"
-1 92226.227795 [INFO] "Line Fetched <p>Improvvisamente qualcosa vi solleva in aria! Una morsa gelida vi stringe alla vita.</p>"
-1 92226.228125 [INFO] "Next line type BodyLineType.TEXT"
-1 92226.228328 [INFO] "I have more lines. Set the recursion"
-1 92226.228662 [INFO] "text -> text"
-1 92226.228958 [INFO] "show body"
-1 92226.229237 [INFO] "Line Fetched <p>Vi girate appena in tempo per vedere un grosso <strong>Ragno di Cristallo</strong>.</p>"
-1 92226.229566 [INFO] "Next line type None"
-1 92226.229940 [INFO] "I have more lines. Set the recursion"
-1 92226.230238 [INFO] "I have no more body lines, let's exit the loop and render the alternatives"
-1 92226.230615 [INFO] "RENDERING END"
-1 92236.282743 [INFO] CONTINUE
-1 92236.283120 [INFO] "PASSAGE END"
-1 92236.296824 [INFO] "PASSAGE START SE05 TEXT 50 2"
-1 92236.297074 [INFO] "RENDERING START"
-1 92236.297393 [INFO] "show body"
-1 92236.297892 [INFO] "Line Fetched <p>Siete proprio in una pessima situazione.</p>"
-1 92236.298117 [INFO] "Next line type BodyLineType.TEXT"
-1 92236.298641 [INFO] "I have more lines. Set the recursion"
-1 92236.298940 [INFO] "text -> text"
-1 92236.299282 [INFO] "show body"
-1 92236.299538 [INFO] "Line Fetched <p>Il ragno sta lentamente avvolgento la sua bava attorno a voi, e subito questa si trasmuta in ghiaccio. </p>"
-1 92236.299803 [INFO] "Next line type BodyLineType.TEXT"
-1 92236.300256 [INFO] "I have more lines. Set the recursion"
-1 92236.300506 [INFO] "text -> text"
-1 92236.300888 [INFO] "show body"
-1 92236.301184 [INFO] "Line Fetched <p>Provi a sparare al Ragno mentre iCub mena fendenti con la spada.</p>"
-1 92236.301512 [INFO] "Next line type BodyLineType.TEXT"
-1 92236.302024 [INFO] "I have more lines. Set the recursion"
-1 92236.302349 [INFO] "text -> text"
-1 92236.302688 [INFO] "show body"
-1 92236.303011 [INFO] "Line Fetched <p>E' tutto inutile, il corpo del ragno sembra impenetrabile.</p>"
-1 92236.303332 [INFO] "Next line type BodyLineType.TEXT"
-1 92236.303814 [INFO] "I have more lines. Set the recursion"
-1 92236.304189 [INFO] "text -> text"
-1 92236.304471 [INFO] "show body"
-1 92236.304761 [INFO] "Line Fetched <p>Ogni secondo che passa il tuo copro è più freddo e rigido.</p>"
-1 92236.305042 [INFO] "Next line type None"
-1 92236.305636 [INFO] "I have more lines. Set the recursion"
-1 92236.305911 [INFO] "I have no more body lines, let's exit the loop and render the alternatives"
-1 92236.306250 [INFO] "RENDERING END"
-1 92264.559601 [INFO] CONTINUE
-1 92264.559610 [INFO] "PASSAGE END"
-1 92264.561700 [INFO] "PASSAGE START SE07 TEXT 50 2"
-1 92264.562023 [INFO] "RENDERING START"
-1 92264.562331 [INFO] "show body"
-1 92264.562580 [INFO] "Line Fetched <p>E' la fine, solo la testa è rimasta fuori, fatichi a respirare per il freddo.</p>"
-1 92264.562920 [INFO] "Next line type None"
-1 92264.563193 [INFO] "I have more lines. Set the recursion"
-1 92264.563515 [INFO] "I have no more body lines, let's exit the loop and render the alternatives"
-1 92264.563906 [INFO] "RENDERING END"
-1 92268.755128 [INFO] CONTINUE
-1 92268.755349 [INFO] "PASSAGE END"
-1 92268.760235 [INFO] "PASSAGE START SE08 TEXT 50 2"
-1 92268.760443 [INFO] "RENDERING START"
-1 92268.760672 [INFO] "show body"
-1 92268.761052 [INFO] "Line Fetched <p>Il silenzio viene squaciato da un urlo!</p>"
-1 92268.761294 [INFO] "Next line type BodyLineType.TEXT"
-1 92268.761674 [INFO] "I have more lines. Set the recursion"
-1 92268.761925 [INFO] "text -> text"
-1 92268.762173 [INFO] "show body"
-1 92268.762413 [INFO] "Line Fetched <p>Un getto di fuoco avvolge il ragno riempendo la grotta di lingue incandescenti.</p>"
-1 92268.762706 [INFO] "Next line type BodyLineType.TEXT"
-1 92268.763107 [INFO] "I have more lines. Set the recursion"
-1 92268.763415 [INFO] "text -> text"
-1 92268.763711 [INFO] "show body"
-1 92268.763916 [INFO] "Line Fetched <p>Atterri nella neve con un tonfo sordo e ti rialzati, bagnato e infreddolito.</p>"
-1 92268.764156 [INFO] "Next line type BodyLineType.TEXT"
-1 92268.764694 [INFO] "I have more lines. Set the recursion"
-1 92268.764946 [INFO] "text -> text"
-1 92268.765184 [INFO] "show body"
-1 92268.765425 [INFO] "Line Fetched <p>Un signore magro, con i capelli grigi scompigliati e un camice bianco sta sparando al mostro con un lanciafiamme.</p>"
-1 92268.765678 [INFO] "Next line type BodyLineType.TEXT"
-1 92268.766149 [INFO] "I have more lines. Set the recursion"
-1 92268.766381 [INFO] "text -> text"
-1 92268.766616 [INFO] "show body"
-1 92268.766856 [INFO] "Line Fetched <p>Vi guarda e ammicca.</p>"
-1 92268.767100 [INFO] "Next line type BodyLineType.TEXT"
-1 92268.767695 [INFO] "I have more lines. Set the recursion"
-1 92268.767935 [INFO] "text -> text"
-1 92268.768175 [INFO] "show body"
-1 92268.768416 [INFO] "Line Fetched <p>\"<i>Appena in tempo eh! <b>Sono Ricko!</b> Su in piedi abbiamo una bestia da sconfiggere!</i>\"</p>"
-1 92268.768670 [INFO] "Next line type None"
-1 92268.780414 [INFO] "I have more lines. Set the recursion"
-1 92268.780616 [INFO] "I have no more body lines, let's exit the loop and render the alternatives"
-1 92268.780936 [INFO] "RENDERING END"
-1 92295.997595 [INFO] CONTINUE
-1 92295.997852 [INFO] "PASSAGE END"
-1 92296.000215 [INFO] "PASSAGE START SE0fight FIGHT 50 2"
-1 92296.000569 [INFO] "RENDERING START"
-1 92296.000801 [INFO] "show body"
-1 92296.001079 [INFO] "Line Fetched (feel: combat)"
-1 92296.001377 [INFO] "Next line type BodyLineType.TEXT"
-1 92296.001655 [INFO] "I have more lines. Set the recursion"
-1 92296.001906 [INFO] "robot -> robot, wait for the end of the command"
-1 92296.002195 [INFO] "show body"
-1 92296.002458 [INFO] "Line Fetched <p>Lancia un dado e somma il tuo attacco, se fai almeno <strong>15</strong> hai successo, altrimenti il Ragno di Cristallo ti colpisce</p>"
-1 92296.002793 [INFO] "Next line type None"
-1 92296.005960 [INFO] "I have more lines. Set the recursion"
-1 92296.006306 [INFO] "I have no more body lines, let's exit the loop and render the alternatives"
-1 92296.006637 [INFO] "RENDERING END"
-1 92296.006908 [INFO] "RENDERING END"
-1 92296.007240 [INFO] "DICE False 4"
-1 92299.500244 [INFO] "DECISION LEFT"
-1 92299.500510 [INFO] "PASSAGE END"
-1 92307.475310 [INFO] "PASSAGE START SE0fightFail TEXT 45 2"
-1 92307.475654 [INFO] "RENDERING START"
-1 92307.475914 [INFO] "show body"
-1 92307.476176 [INFO] "Line Fetched <p>Questo ragno è un osso d'uro! per quanto lo colpiate non va a terra.</p>"
-1 92307.476478 [INFO] "Next line type BodyLineType.TEXT"
-1 92307.476807 [INFO] "I have more lines. Set the recursion"
-1 92307.477159 [INFO] "text -> text"
-1 92307.477412 [INFO] "show body"
-1 92307.477693 [INFO] "Line Fetched <p>Il Ragno vi colpisce con un getto di ragnatela gelida, rabbrividisci e subisci 5 danni.</p>"
-1 92307.478095 [INFO] "Next line type None"
-1 92307.478386 [INFO] "I have more lines. Set the recursion"
-1 92307.478682 [INFO] "I have no more body lines, let's exit the loop and render the alternatives"
-1 92307.478959 [INFO] "RENDERING END"
-1 92317.035097 [INFO] CONTINUE
-1 92317.035389 [INFO] "PASSAGE END"
-1 92317.037438 [INFO] "PASSAGE START SE0fightLoop FIGHT 45 2"
-1 92317.037745 [INFO] "RENDERING START"
-1 92317.038005 [INFO] "show body"
-1 92317.038193 [INFO] "Line Fetched <p>Lancia un dado e somma il tuo attacco, se fai almeno <strong>15</strong> hai successo, altrimenti il Ragno di Cristallo ti colpisce</p>"
-1 92317.038610 [INFO] "Next line type None"
-1 92317.038881 [INFO] "I have more lines. Set the recursion"
-1 92317.039229 [INFO] "I have no more body lines, let's exit the loop and render the alternatives"
-1 92317.039568 [INFO] "RENDERING END"
-1 92317.039876 [INFO] "DICE True 22"
-1 92318.094510 [INFO] "DECISION RIGHT"
-1 92318.094886 [INFO] "PASSAGE END"
-1 92320.319851 [INFO] "PASSAGE START SE0fightSuc TEXT 45 2"
-1 92320.320131 [INFO] "RENDERING START"
-1 92320.320427 [INFO] "show body"
-1 92320.320697 [INFO] "Line Fetched <p>Ricko tiene a bada il Ragno di Cristallo con il lanciafiamme, mentre tu lo tempesti con una raffica di colpi. </p>"
-1 92320.321016 [INFO] "Next line type BodyLineType.TEXT"
-1 92320.321366 [INFO] "I have more lines. Set the recursion"
-1 92320.321697 [INFO] "text -> text"
-1 92320.321965 [INFO] "show body"
-1 92320.322255 [INFO] "Line Fetched <p>Finalmente avete la meglio!</p>"
-1 92320.322715 [INFO] "Next line type None"
-1 92320.322906 [INFO] "I have more lines. Set the recursion"
-1 92320.323201 [INFO] "I have no more body lines, let's exit the loop and render the alternatives"
-1 92320.323571 [INFO] "RENDERING END"
-1 92326.845056 [INFO] CONTINUE
-1 92326.845377 [INFO] "PASSAGE END"
-1 92326.900487 [INFO] "PASSAGE START SE09 TRIAL 45 2"
-1 92326.900804 [INFO] "RENDERING START"
-1 92326.901046 [INFO] "show body"
-1 92326.901302 [INFO] "Line Fetched (feel: happy)"
-1 92326.901552 [INFO] "Next line type BodyLineType.TEXT"
-1 92326.901799 [INFO] "I have more lines. Set the recursion"
-1 92326.902031 [INFO] "robot -> robot, wait for the end of the command"
-1 92326.902257 [INFO] "show body"
-1 92326.902488 [INFO] "Line Fetched <p>Mentre riprendete fiato il vostro salvatore raccoglie l' <strong>Artefatto</strong> viola rotolato a terra durante il combattimento.</p>"
-1 92326.902722 [INFO] "Next line type BodyLineType.TEXT"
-1 92326.903298 [INFO] "I have more lines. Set the recursion"
-1 92326.903602 [INFO] "text -> text"
-1 92326.903860 [INFO] "show body"
-1 92326.904220 [INFO] "Line Fetched <p>\"<i>Meraviglioso, non ho mai visto un <strong>Artefatto</strong> tanto bello. Questo lo prendo io se non vi dispiace</i>\"</p>"
-1 92326.904638 [INFO] "Next line type None"
-1 92326.911640 [INFO] "I have more lines. Set the recursion"
-1 92326.911922 [INFO] "I have no more body lines, let's exit the loop and render the alternatives"
-1 92326.912195 [INFO] "RENDERING END"
-1 92326.912414 [INFO] "RENDERING END"
-1 92326.912746 [INFO] "SE 0 0"
-1 92339.152910 [INFO] CONTINUE
-1 92375.255371 [INFO] "DECISION LEFT"
-1 92375.255644 [INFO] "PASSAGE END"
-1 92375.258786 [INFO] "PASSAGE START SE011 TEXT 45 2"
-1 92375.258813 [INFO] "RENDERING START"
-1 92375.258904 [INFO] "show body"
-1 92375.259153 [INFO] "Line Fetched <p>\"<em>EhEhEh Quindi vuoi giocartela così. Molto bene, dovrai prendertelo</em>\"</p>"
-1 92375.259392 [INFO] "Next line type None"
-1 92375.259940 [INFO] "I have more lines. Set the recursion"
-1 92375.260188 [INFO] "I have no more body lines, let's exit the loop and render the alternatives"
-1 92375.260512 [INFO] "RENDERING END"
-1 92377.635172 [INFO] CONTINUE
-1 92377.635446 [INFO] "PASSAGE END"
-1 92377.638696 [INFO] "PASSAGE START SE0fight2 FIGHT 45 2"
-1 92377.639253 [INFO] "RENDERING START"
-1 92377.639363 [INFO] "show body"
-1 92377.639642 [INFO] "Line Fetched (feel: combat)"
-1 92377.639898 [INFO] "Next line type BodyLineType.TEXT"
-1 92377.640143 [INFO] "I have more lines. Set the recursion"
-1 92377.640397 [INFO] "robot -> robot, wait for the end of the command"
-1 92377.640723 [INFO] "show body"
-1 92377.640976 [INFO] "Line Fetched <p>Lancia un dado e somma il tuo attacco, se fai almeno <strong>15</strong> hai successo, altrimenti Ricko ti colpisce</p>"
-1 92377.641211 [INFO] "Next line type None"
-1 92377.644486 [INFO] "I have more lines. Set the recursion"
-1 92377.644779 [INFO] "I have no more body lines, let's exit the loop and render the alternatives"
-1 92377.645098 [INFO] "RENDERING END"
-1 92377.645407 [INFO] "RENDERING END"
-1 92377.645734 [INFO] "DICE False 6"
-1 92379.615699 [INFO] "DECISION LEFT"
-1 92379.615972 [INFO] "PASSAGE END"
-1 92418.843295 [INFO] "PASSAGE START SE0fight2Fail TEXT 40 2"
-1 92418.843614 [INFO] "RENDERING START"
-1 92418.844050 [INFO] "show body"
-1 92418.844296 [INFO] "Line Fetched <p>Il vecchio avrà 80 anni ma sembra ne abbia 20 da quanto è agile.</p>"
-1 92418.844551 [INFO] "Next line type BodyLineType.TEXT"
-1 92418.845111 [INFO] "I have more lines. Set the recursion"
-1 92418.845540 [INFO] "text -> text"
-1 92418.845829 [INFO] "show body"
-1 92418.846077 [INFO] "Line Fetched <p>Continua ad inondarvi di fiamme senza darvi tregua. Subisci <strong>5 danni</strong></p>"
-1 92418.846310 [INFO] "Next line type None"
-1 92418.847307 [INFO] "I have more lines. Set the recursion"
-1 92418.847359 [INFO] "I have no more body lines, let's exit the loop and render the alternatives"
-1 92418.847794 [INFO] "RENDERING END"
-1 92424.100144 [INFO] CONTINUE
-1 92424.100473 [INFO] "PASSAGE END"
-1 92424.102935 [INFO] "PASSAGE START SE0fight2Loop FIGHT 40 2"
-1 92424.103265 [INFO] "RENDERING START"
-1 92424.103466 [INFO] "show body"
-1 92424.103714 [INFO] "Line Fetched <p>Lancia un dado e somma il tuo attacco, se fai almeno <strong>15</strong> hai successo, altrimenti Ricko ti colpisce</p>"
-1 92424.104127 [INFO] "Next line type None"
-1 92424.104322 [INFO] "I have more lines. Set the recursion"
-1 92424.104662 [INFO] "I have no more body lines, let's exit the loop and render the alternatives"
-1 92424.105048 [INFO] "RENDERING END"
-1 92424.105333 [INFO] "DICE True 18"
-1 92424.979537 [INFO] "DECISION RIGHT"
-1 92424.979872 [INFO] "PASSAGE END"
-1 92426.712675 [INFO] "PASSAGE START SE0fight2Suc TEXT 40 2"
-1 92426.713039 [INFO] "RENDERING START"
-1 92426.713346 [INFO] "show body"
-1 92426.713606 [INFO] "Line Fetched <p>Quel maledetto lanciafiamme ti impedisce di sparare.</p>"
-1 92426.714070 [INFO] "Next line type BodyLineType.TEXT"
-1 92426.714259 [INFO] "I have more lines. Set the recursion"
-1 92426.714614 [INFO] "text -> text"
-1 92426.714878 [INFO] "show body"
-1 92426.715126 [INFO] "Line Fetched <p>Agilmente scarti di lato e carichi con la spada Laser.</p>"
-1 92426.715567 [INFO] "Next line type BodyLineType.TEXT"
-1 92426.715879 [INFO] "I have more lines. Set the recursion"
-1 92426.716178 [INFO] "text -> text"
-1 92426.716480 [INFO] "show body"
-1 92426.716735 [INFO] "Line Fetched <p>Il vecchio non fa in tempo a girare il getto di fuoco che l'hai già infilzato.</p>"
-1 92426.717061 [INFO] "Next line type None"
-1 92426.717320 [INFO] "I have more lines. Set the recursion"
-1 92426.717647 [INFO] "I have no more body lines, let's exit the loop and render the alternatives"
-1 92426.717989 [INFO] "RENDERING END"
-1 92434.999487 [INFO] "show body"
-1 92434.999808 [INFO] "Line Fetched <p>Comune strumento per catalizzare l'Energia Quantica presente nell'ambiente e curare il suo utilizzatore. Si distrugge dopo l'uso.</p>"
-1 92435.000072 [INFO] "Next line type BodyLineType.TEXT"
-1 92435.000601 [INFO] "I have more lines. Set the recursion"
-1 92435.000890 [INFO] "text -> text"
-1 92435.001130 [INFO] "show body"
-1 92435.001499 [INFO] "Line Fetched <p><strong>[Cura 10 EQ]</strong></p>"
-1 92435.001730 [INFO] "Next line type None"
-1 92435.002424 [INFO] "I have more lines. Set the recursion"
-1 92435.002676 [INFO] "I have no more body lines, let's exit the loop and render the alternatives"
-1 92435.003103 [INFO] "RENDERING END"
-1 92438.065810 [INFO] "PASSAGE START SE0fight2Suc TEXT 40 2"
-1 92438.066315 [INFO] "RENDERING START"
-1 92438.066442 [INFO] "show body"
-1 92438.066682 [INFO] "Line Fetched <p>Quel maledetto lanciafiamme ti impedisce di sparare.</p>"
-1 92438.067096 [INFO] "Next line type BodyLineType.TEXT"
-1 92438.067279 [INFO] "I have more lines. Set the recursion"
-1 92438.067598 [INFO] "text -> text"
-1 92438.067847 [INFO] "show body"
-1 92438.068135 [INFO] "Line Fetched <p>Agilmente scarti di lato e carichi con la spada Laser.</p>"
-1 92438.068442 [INFO] "Next line type BodyLineType.TEXT"
-1 92438.068802 [INFO] "I have more lines. Set the recursion"
-1 92438.069070 [INFO] "text -> text"
-1 92438.069311 [INFO] "show body"
-1 92438.069595 [INFO] "Line Fetched <p>Il vecchio non fa in tempo a girare il getto di fuoco che l'hai già infilzato.</p>"
-1 92438.069922 [INFO] "Next line type None"
-1 92438.070193 [INFO] "I have more lines. Set the recursion"
-1 92438.070543 [INFO] "I have no more body lines, let's exit the loop and render the alternatives"
-1 92438.070836 [INFO] "RENDERING END"
-1 92441.297946 [INFO] "show body"
-1 92441.298217 [INFO] "Line Fetched <p>Comune strumento per catalizzare l'Energia Quantica presente nell'ambiente e curare il suo utilizzatore. Si distrugge dopo l'uso.</p>"
-1 92441.298473 [INFO] "Next line type BodyLineType.TEXT"
-1 92441.299080 [INFO] "I have more lines. Set the recursion"
-1 92441.299328 [INFO] "text -> text"
-1 92441.299574 [INFO] "show body"
-1 92441.299815 [INFO] "Line Fetched <p><strong>[Cura 10 EQ]</strong></p>"
-1 92441.300050 [INFO] "Next line type None"
-1 92441.300644 [INFO] "I have more lines. Set the recursion"
-1 92441.300894 [INFO] "I have no more body lines, let's exit the loop and render the alternatives"
-1 92441.301202 [INFO] "RENDERING END"
-1 92443.887840 [INFO] "PASSAGE START SE0fight2Suc TEXT 40 2"
-1 92443.888199 [INFO] "RENDERING START"
-1 92443.888478 [INFO] "show body"
-1 92443.888725 [INFO] "Line Fetched <p>Quel maledetto lanciafiamme ti impedisce di sparare.</p>"
-1 92443.889002 [INFO] "Next line type BodyLineType.TEXT"
-1 92443.889328 [INFO] "I have more lines. Set the recursion"
-1 92443.889648 [INFO] "text -> text"
-1 92443.889906 [INFO] "show body"
-1 92443.890181 [INFO] "Line Fetched <p>Agilmente scarti di lato e carichi con la spada Laser.</p>"
-1 92443.890586 [INFO] "Next line type BodyLineType.TEXT"
-1 92443.890909 [INFO] "I have more lines. Set the recursion"
-1 92443.891206 [INFO] "text -> text"
-1 92443.891475 [INFO] "show body"
-1 92443.891780 [INFO] "Line Fetched <p>Il vecchio non fa in tempo a girare il getto di fuoco che l'hai già infilzato.</p>"
-1 92443.892113 [INFO] "Next line type None"
-1 92443.892370 [INFO] "I have more lines. Set the recursion"
-1 92443.892707 [INFO] "I have no more body lines, let's exit the loop and render the alternatives"
-1 92443.893053 [INFO] "RENDERING END"
-1 92445.341123 [INFO] "show body"
-1 92445.341413 [INFO] "Line Fetched <p>Una normale spada laser, fa \"Swing, Swing\" quando la muovi.</p>"
-1 92445.341785 [INFO] "Next line type BodyLineType.TEXT"
-1 92445.342326 [INFO] "I have more lines. Set the recursion"
-1 92445.342606 [INFO] "text -> text"
-1 92445.342838 [INFO] "show body"
-1 92445.343063 [INFO] "Line Fetched <p>Estremamente letale e utile per illuminare la via all'occorrenza.</p>"
-1 92445.343292 [INFO] "Next line type BodyLineType.TEXT"
-1 92445.343921 [INFO] "I have more lines. Set the recursion"
-1 92445.344153 [INFO] "text -> text"
-1 92445.344383 [INFO] "show body"
-1 92445.344617 [INFO] "Line Fetched <p><strong>[Potenza +1]</strong></p>"
-1 92445.344879 [INFO] "Next line type None"
-1 92445.346148 [INFO] "I have more lines. Set the recursion"
-1 92445.346443 [INFO] "I have no more body lines, let's exit the loop and render the alternatives"
-1 92445.346833 [INFO] "RENDERING END"
-1 92447.027140 [INFO] "PASSAGE START SE0fight2Suc TEXT 40 2"
-1 92447.027465 [INFO] "RENDERING START"
-1 92447.027692 [INFO] "show body"
-1 92447.027957 [INFO] "Line Fetched <p>Quel maledetto lanciafiamme ti impedisce di sparare.</p>"
-1 92447.028379 [INFO] "Next line type BodyLineType.TEXT"
-1 92447.028668 [INFO] "I have more lines. Set the recursion"
-1 92447.028918 [INFO] "text -> text"
-1 92447.029177 [INFO] "show body"
-1 92447.029438 [INFO] "Line Fetched <p>Agilmente scarti di lato e carichi con la spada Laser.</p>"
-1 92447.029832 [INFO] "Next line type BodyLineType.TEXT"
-1 92447.030121 [INFO] "I have more lines. Set the recursion"
-1 92447.030455 [INFO] "text -> text"
-1 92447.030741 [INFO] "show body"
-1 92447.031025 [INFO] "Line Fetched <p>Il vecchio non fa in tempo a girare il getto di fuoco che l'hai già infilzato.</p>"
-1 92447.031401 [INFO] "Next line type None"
-1 92447.031656 [INFO] "I have more lines. Set the recursion"
-1 92447.031867 [INFO] "I have no more body lines, let's exit the loop and render the alternatives"
-1 92447.032185 [INFO] "RENDERING END"
-1 92450.325639 [INFO] "show body"
-1 92450.325915 [INFO] "Line Fetched <p>L'ultima frontiera dell'illuminazione portatile! questo cubo bianco permette di illuminare a giorno in ogni direzizone.</p>"
-1 92450.326255 [INFO] "Next line type BodyLineType.TEXT"
-1 92450.326614 [INFO] "I have more lines. Set the recursion"
-1 92450.326967 [INFO] "text -> text"
-1 92450.327216 [INFO] "show body"
-1 92450.327501 [INFO] "Line Fetched <p>Per accenderlo stringerlo tra le mani. Se posato, toccare due volte per accendere o spegnere.</p>"
-1 92450.327852 [INFO] "Next line type None"
-1 92450.328167 [INFO] "I have more lines. Set the recursion"
-1 92450.328422 [INFO] "I have no more body lines, let's exit the loop and render the alternatives"
-1 92450.328791 [INFO] "RENDERING END"
-1 92451.277071 [INFO] "PASSAGE START SE0fight2Suc TEXT 40 2"
-1 92451.277405 [INFO] "RENDERING START"
-1 92451.277684 [INFO] "show body"
-1 92451.277954 [INFO] "Line Fetched <p>Quel maledetto lanciafiamme ti impedisce di sparare.</p>"
-1 92451.278411 [INFO] "Next line type BodyLineType.TEXT"
-1 92451.278635 [INFO] "I have more lines. Set the recursion"
-1 92451.278921 [INFO] "text -> text"
-1 92451.279200 [INFO] "show body"
-1 92451.279583 [INFO] "Line Fetched <p>Agilmente scarti di lato e carichi con la spada Laser.</p>"
-1 92451.279886 [INFO] "Next line type BodyLineType.TEXT"
-1 92451.280151 [INFO] "I have more lines. Set the recursion"
-1 92451.280494 [INFO] "text -> text"
-1 92451.280730 [INFO] "show body"
-1 92451.281018 [INFO] "Line Fetched <p>Il vecchio non fa in tempo a girare il getto di fuoco che l'hai già infilzato.</p>"
-1 92451.281404 [INFO] "Next line type None"
-1 92451.281599 [INFO] "I have more lines. Set the recursion"
-1 92451.281889 [INFO] "I have no more body lines, let's exit the loop and render the alternatives"
-1 92451.282152 [INFO] "RENDERING END"
-1 92488.286968 [INFO] CONTINUE
-1 92488.287306 [INFO] "PASSAGE END"
-1 92488.289861 [INFO] "PASSAGE START SE014 TEXT 40 2"
-1 92488.290159 [INFO] "RENDERING START"
-1 92488.290436 [INFO] "show body"
-1 92488.290703 [INFO] "Line Fetched (feel: happy)"
-1 92488.290933 [INFO] "Next line type BodyLineType.TEXT"
-1 92488.291353 [INFO] "I have more lines. Set the recursion"
-1 92488.291617 [INFO] "robot -> robot, wait for the end of the command"
-1 92488.291875 [INFO] "show body"
-1 92488.292152 [INFO] "Line Fetched <p>Raccogli l' <strong>Artefatto Viola</strong> e il <strong>Lanciafiamme</strong> dal cadavere del vecchio. Li aggiungi all'inventario.</p>"
-1 92488.292569 [INFO] "Next line type BodyLineType.TEXT"
-1 92488.293088 [INFO] "I have more lines. Set the recursion"
-1 92488.293442 [INFO] "text -> text"
-1 92488.293709 [INFO] "show body"
-1 92488.293970 [INFO] "Line Fetched <p>Cosa vuoi fare?</p>"
-1 92488.294301 [INFO] "Next line type None"
-1 92488.294559 [INFO] "I have more lines. Set the recursion"
-1 92488.294919 [INFO] "I have no more body lines, let's exit the loop and render the alternatives"
-1 92488.295242 [INFO] "RENDERING END"
-1 92488.295611 [INFO] "RENDERING END"
-1 92508.747136 [INFO] CONTINUE
-1 92510.741054 [INFO] "DECISION LEFT"
-1 92510.741367 [INFO] "PASSAGE END"
-1 92510.743910 [INFO] "PASSAGE START SE013 TEXT 40 5"
-1 92510.744224 [INFO] "RENDERING START"
-1 92510.744505 [INFO] "show body"
-1 92510.744755 [INFO] "Line Fetched <p>Continuate ad esplorare la grotta fino ad un bivio, un tunnel prosegue a destra, l'altro a sinistra.</p>"
-1 92510.745034 [INFO] "Next line type BodyLineType.TEXT"
-1 92510.745398 [INFO] "I have more lines. Set the recursion"
-1 92510.745669 [INFO] "text -> text"
-1 92510.746016 [INFO] "show body"
-1 92510.746197 [INFO] "Line Fetched <p>Dove vuoi andare?</p>"
-1 92510.746596 [INFO] "Next line type None"
-1 92510.746881 [INFO] "I have more lines. Set the recursion"
-1 92510.747270 [INFO] "I have no more body lines, let's exit the loop and render the alternatives"
-1 92510.747640 [INFO] "RENDERING END"
-1 92514.399240 [INFO] CONTINUE
-1 92516.463959 [INFO] "DECISION LEFT"
-1 92516.464310 [INFO] "PASSAGE END"
-1 92516.465615 [INFO] "PASSAGE START SE0SX ENDPOINT 40 5"
-1 92516.465960 [INFO] "RENDERING START"
-1 92516.466226 [INFO] "show body"
-1 92516.466530 [INFO] "I have no more body lines, let's exit the loop and render the alternatives"
-1 92516.466871 [INFO] "RENDERING END"
-1 92516.467164 [INFO] "ROOM END"
-1 92516.468368 [INFO] "ROOM START SER6"
-1 92517.714759 [INFO] "PASSAGE START SER60 TEXT 40 5"
-1 92517.715047 [INFO] "RENDERING START"
-1 92517.715284 [INFO] "show body"
-1 92517.715538 [INFO] "Line Fetched (pose: home_pg)"
-1 92517.715809 [INFO] "Next line type BodyLineType.FEEL"
-1 92517.716104 [INFO] "I have more lines. Set the recursion"
-1 92517.716388 [INFO] "robot -> robot, wait for the end of the command"
-1 92517.716655 [INFO] "show body"
-1 92517.716979 [INFO] "Line Fetched (feel: confused)"
-1 92517.717213 [INFO] "Next line type BodyLineType.TEXT"
-1 92517.717461 [INFO] "I have more lines. Set the recursion"
-1 92517.717645 [INFO] "robot -> robot, wait for the end of the command"
-1 92517.717889 [INFO] "show body"
-1 92517.718143 [INFO] "Line Fetched <p>State raccogliendo il bottino dello scontro quando noti che iCub guarda intensamente la tua Licenza.</p>"
-1 92517.718558 [INFO] "Next line type BodyLineType.TEXT"
-1 92517.718842 [INFO] "I have more lines. Set the recursion"
-1 92517.719096 [INFO] "text -> text"
-1 92517.719423 [INFO] "show body"
-1 92517.719607 [INFO] "Line Fetched <p>Ha un'aria pensosa, come se la stesse studiando.</p>"
-1 92517.719995 [INFO] "Next line type None"
-1 92517.720212 [INFO] "I have more lines. Set the recursion"
-1 92517.720532 [INFO] "I have no more body lines, let's exit the loop and render the alternatives"
-1 92517.720893 [INFO] "RENDERING END"
-1 92517.721226 [INFO] "RENDERING END"
-1 92517.721488 [INFO] "RENDERING END"
-1 92543.046264 [INFO] CONTINUE
-1 92543.046698 [INFO] "PASSAGE END"
-1 92543.047987 [INFO] "PASSAGE START SER61 TEXT 40 5"
-1 92543.048266 [INFO] "RENDERING START"
-1 92543.048537 [INFO] "show body"
-1 92543.048784 [INFO] "Line Fetched (say: Si scusa amico, solo che la tua Licenza è strana, sembra un modello molto arretrato. Hai mai sentito parlare delle Placche di Potenziamento? )"
-1 92543.049201 [INFO] "Next line type None"
-1 92543.052606 [INFO] "I have more lines. Set the recursion"
-1 92543.052981 [INFO] "I have no more body lines, let's exit the loop and render the alternatives"
-1 92543.053244 [INFO] "RENDERING END"
-1 92547.114292 [INFO] CONTINUE
-1 92548.602829 [INFO] "DECISION LEFT"
-1 92548.603165 [INFO] "PASSAGE END"
-1 92548.604470 [INFO] "PASSAGE START SER63 TEXT 40 5"
-1 92548.604790 [INFO] "RENDERING START"
-1 92548.605028 [INFO] "show body"
-1 92548.605294 [INFO] "Line Fetched (say: Le Placche di Potenziamento sfruttano un sistema di virtualizzazione logaritmica per incrementare le capacità dell'avventuriero )"
-1 92548.605632 [INFO] "Next line type BodyLineType.SAY"
-1 92548.605990 [INFO] "I have more lines. Set the recursion"
-1 92548.606257 [INFO] "robot -> robot, wait for the end of the command"
-1 92548.606519 [INFO] "show body"
-1 92548.606773 [INFO] "Line Fetched (say: Se vuoi posso installarne una sulla tua Licenza, che ne dici? )"
-1 92548.607188 [INFO] "Next line type None"
-1 92548.607546 [INFO] "I have more lines. Set the recursion"
-1 92548.607729 [INFO] "I have no more body lines, let's exit the loop and render the alternatives"
-1 92548.608022 [INFO] "RENDERING END"
-1 92548.608359 [INFO] "RENDERING END"
-1 92551.121614 [INFO] CONTINUE
-1 92551.121985 [INFO] "PASSAGE END"
-1 92551.123307 [INFO] "PASSAGE START SER64 TRIAL 40 5"
-1 92551.123604 [INFO] "RENDERING START"
-1 92551.124014 [INFO] "show body"
-1 92551.124290 [INFO] "Line Fetched (say: Assolutamente niente, è il minimo che possa fare per ringraziarti )"
-1 92551.124693 [INFO] "Next line type BodyLineType.SAY"
-1 92551.125119 [INFO] "I have more lines. Set the recursion"
-1 92551.125394 [INFO] "robot -> robot, wait for the end of the command"
-1 92551.125643 [INFO] "show body"
-1 92551.125887 [INFO] "Line Fetched (say: Tutto quello che devi fare è darmi la tua Licenza per qualche minuto. La scansionerò e te la darò migliore di prima! )"
-1 92551.126254 [INFO] "Next line type BodyLineType.POSE"
-1 92551.126725 [INFO] "I have more lines. Set the recursion"
-1 92551.127070 [INFO] "robot -> robot, wait for the end of the command"
-1 92551.127342 [INFO] "show body"
-1 92551.127616 [INFO] "Line Fetched (pose: ask_license)"
-1 92551.127853 [INFO] "Next line type None"
-1 92551.128084 [INFO] "I have more lines. Set the recursion"
-1 92551.128357 [INFO] "I have no more body lines, let's exit the loop and render the alternatives"
-1 92551.128633 [INFO] "RENDERING END"
-1 92551.128883 [INFO] "RENDERING END"
-1 92551.129239 [INFO] "RENDERING END"
-1 92551.129563 [INFO] "SER 6 0"
-1 92555.584356 [INFO] CONTINUE
-1 92557.657720 [INFO] "DECISION LEFT"
-1 92557.658041 [INFO] "PASSAGE END"
-1 92557.661132 [INFO] "PASSAGE START SER66 TEXT 40 5"
-1 92557.661494 [INFO] "RENDERING START"
-1 92557.661757 [INFO] "show body"
-1 92557.662016 [INFO] "Line Fetched <p>Non te la prendere amico, ma non posso accettare. La prima regola di un Cacciatore è  <strong>\"Mai dare la tua Licenza ad anima viva o artificiale\"</strong>.</p>"
-1 92557.662392 [INFO] "Next line type BodyLineType.TEXT"
-1 92557.662804 [INFO] "I have more lines. Set the recursion"
-1 92557.663071 [INFO] "text -> text"
-1 92557.663350 [INFO] "show body"
-1 92557.663621 [INFO] "Line Fetched <p>Comunque grazie!</p>"
-1 92557.664047 [INFO] "Next line type BodyLineType.SAY"
-1 92557.664384 [INFO] "I have more lines. Set the recursion"
-1 92557.664727 [INFO] "text -> robot, wait for an interaction"
-1 92563.573845 [INFO] "show body"
-1 92563.574146 [INFO] "Line Fetched (say: Ok, lo capisco, troverò un altro modo di sdebitarmi )"
-1 92563.574474 [INFO] "Next line type BodyLineType.TEXT"
-1 92563.577950 [INFO] "I have more lines. Set the recursion"
-1 92563.578178 [INFO] "robot -> robot, wait for the end of the command"
-1 92563.578417 [INFO] "show body"
-1 92563.578657 [INFO] "Line Fetched <p>Proseguite nella vostra avventura...</p>"
-1 92563.579028 [INFO] "Next line type None"
-1 92563.579416 [INFO] "I have more lines. Set the recursion"
-1 92563.579701 [INFO] "I have no more body lines, let's exit the loop and render the alternatives"
-1 92563.580136 [INFO] "RENDERING END"
-1 92563.580431 [INFO] "RENDERING END"
-1 92568.417254 [INFO] CONTINUE
-1 92568.417607 [INFO] "PASSAGE END"
-1 92568.420272 [INFO] "PASSAGE START SER6final ENDPOINT 40 5"
-1 92568.420584 [INFO] "RENDERING START"
-1 92568.420835 [INFO] "show body"
-1 92568.421154 [INFO] "Line Fetched <p>Continuate a scendere nella Cripta</p>"
-1 92568.421407 [INFO] "Next line type None"
-1 92568.421852 [INFO] "I have more lines. Set the recursion"
-1 92568.422098 [INFO] "I have no more body lines, let's exit the loop and render the alternatives"
-1 92568.422396 [INFO] "RENDERING END"
-1 92568.422728 [INFO] "ROOM END"
-1 92568.426270 [INFO] "ROOM START R2"
-1 92570.333236 [INFO] "PASSAGE START R20 TEXT 40 5"
-1 92570.333603 [INFO] "RENDERING START"
-1 92570.333858 [INFO] "show body"
-1 92570.334146 [INFO] "Line Fetched <p>Il corridoio si apre in una sala immersa nell'oscurità. </p>"
-1 92570.334478 [INFO] "Next line type BodyLineType.TEXT"
-1 92570.334747 [INFO] "I have more lines. Set the recursion"
-1 92570.335086 [INFO] "text -> text"
-1 92570.335388 [INFO] "show body"
-1 92570.335637 [INFO] "Line Fetched <p>Non ne vedi il fondo, il buio più totale si estende in ogni direzione.</p>"
-1 92570.336092 [INFO] "Next line type BodyLineType.TEXT"
-1 92570.336326 [INFO] "I have more lines. Set the recursion"
-1 92570.336645 [INFO] "text -> text"
-1 92570.336873 [INFO] "show body"
-1 92570.337158 [INFO] "Line Fetched <p>L'unico passaggio è una stretta passerella metallica.</p>"
-1 92570.337577 [INFO] "Next line type BodyLineType.TEXT"
-1 92570.337833 [INFO] "I have more lines. Set the recursion"
-1 92570.338176 [INFO] "text -> text"
-1 92570.338474 [INFO] "show body"
-1 92570.338735 [INFO] "Line Fetched <p>In lontananza vedi un puntino bianco...probabilmente una porta.</p>"
-1 92570.339158 [INFO] "Next line type None"
-1 92570.339395 [INFO] "I have more lines. Set the recursion"
-1 92570.339631 [INFO] "I have no more body lines, let's exit the loop and render the alternatives"
-1 92570.339902 [INFO] "RENDERING END"
-1 92579.918161 [INFO] CONTINUE
-1 92579.918442 [INFO] "PASSAGE END"
-1 92579.921101 [INFO] "PASSAGE START R2000 ITEM_CHECK 40 5"
-1 92579.921344 [INFO] "RENDERING START"
-1 92579.921544 [INFO] "show body"
-1 92579.921828 [INFO] "Line Fetched <p>Se hai il <strong>Cubo Luminescente</strong>, puoi accenderlo per fare un po' di luce.</p>"
-1 92579.922238 [INFO] "Next line type BodyLineType.TEXT"
-1 92579.922518 [INFO] "I have more lines. Set the recursion"
-1 92579.922863 [INFO] "text -> text"
-1 92579.923126 [INFO] "show body"
-1 92579.923430 [INFO] "Line Fetched <p>Altrimenti la vostra sola fonte di luce saranno i LED rossi del tuo compagno robotico.</p>"
-1 92579.923799 [INFO] "Next line type None"
-1 92579.924130 [INFO] "I have more lines. Set the recursion"
-1 92579.924526 [INFO] "I have no more body lines, let's exit the loop and render the alternatives"
-1 92579.924974 [INFO] "RENDERING END"
-1 92587.701933 [INFO] "DECISION RIGHT"
-1 92587.702308 [INFO] "PASSAGE END"
-1 92587.732428 [INFO] "PASSAGE START R20cubo TRIAL 40 5"
-1 92587.732768 [INFO] "RENDERING START"
-1 92587.732977 [INFO] "show body"
-1 92587.733230 [INFO] "Line Fetched <p>Accendi il <strong>Cubo Luminescente</strong> e subito una debole luce bianca illumina la passerella davanti a voi.</p>"
-1 92587.733642 [INFO] "Next line type BodyLineType.TEXT"
-1 92587.733844 [INFO] "I have more lines. Set the recursion"
-1 92587.734248 [INFO] "text -> text"
-1 92587.734492 [INFO] "show body"
-1 92587.734740 [INFO] "Line Fetched <p>Non vedete comunque il fondo o le pareti della sala.</p>"
-1 92587.735144 [INFO] "Next line type BodyLineType.TEXT"
-1 92587.735368 [INFO] "I have more lines. Set the recursion"
-1 92587.735637 [INFO] "text -> text"
-1 92587.735864 [INFO] "show body"
-1 92587.736158 [INFO] "Line Fetched <p>Fate un passo avanti, la passerella cigola dolcemente sotto il vostro peso. Una sostanza rossastra risplende alla luce del Cubo.</p>"
-1 92587.736564 [INFO] "Next line type BodyLineType.TEXT"
-1 92587.736820 [INFO] "I have more lines. Set the recursion"
-1 92587.737145 [INFO] "text -> text"
-1 92587.737427 [INFO] "show body"
-1 92587.737711 [INFO] "Line Fetched <p>E' sangue anche se sembra secco.</p>"
-1 92587.738135 [INFO] "Next line type BodyLineType.TEXT"
-1 92587.738364 [INFO] "I have more lines. Set the recursion"
-1 92587.738588 [INFO] "text -> text"
-1 92587.738835 [INFO] "show body"
-1 92587.739093 [INFO] "Line Fetched <p>Cosa vuoi fare?</p>"
-1 92587.739511 [INFO] "Next line type None"
-1 92587.739803 [INFO] "I have more lines. Set the recursion"
-1 92587.740136 [INFO] "I have no more body lines, let's exit the loop and render the alternatives"
-1 92587.740488 [INFO] "RENDERING END"
-1 92587.740830 [INFO] "R 2 0"
-1 92603.688868 [INFO] CONTINUE
-1 92606.494313 [INFO] "DECISION LEFT"
-1 92606.494531 [INFO] "PASSAGE END"
-1 92606.496622 [INFO] "PASSAGE START R2back BACK 40 5"
-1 92606.496916 [INFO] "RENDERING START"
-1 92606.497203 [INFO] "RENDERING START"
-1 92639.630312 [INFO] "PASSAGE START R20cubo TRIAL 40 5"
-1 92639.630660 [INFO] "RENDERING START"
-1 92639.630965 [INFO] "show body"
-1 92639.631205 [INFO] "Line Fetched <p>Accendi il <strong>Cubo Luminescente</strong> e subito una debole luce bianca illumina la passerella davanti a voi.</p>"
-1 92639.631616 [INFO] "Next line type BodyLineType.TEXT"
-1 92639.631820 [INFO] "I have more lines. Set the recursion"
-1 92639.632086 [INFO] "text -> text"
-1 92639.632363 [INFO] "show body"
-1 92639.632589 [INFO] "Line Fetched <p>Non vedete comunque il fondo o le pareti della sala.</p>"
-1 92639.633010 [INFO] "Next line type BodyLineType.TEXT"
-1 92639.633359 [INFO] "I have more lines. Set the recursion"
-1 92639.633676 [INFO] "text -> text"
-1 92639.633931 [INFO] "show body"
-1 92639.634185 [INFO] "Line Fetched <p>Fate un passo avanti, la passerella cigola dolcemente sotto il vostro peso. Una sostanza rossastra risplende alla luce del Cubo.</p>"
-1 92639.634513 [INFO] "Next line type BodyLineType.TEXT"
-1 92639.634924 [INFO] "I have more lines. Set the recursion"
-1 92639.635239 [INFO] "text -> text"
-1 92639.635547 [INFO] "show body"
-1 92639.635805 [INFO] "Line Fetched <p>E' sangue anche se sembra secco.</p>"
-1 92639.636189 [INFO] "Next line type BodyLineType.TEXT"
-1 92639.636410 [INFO] "I have more lines. Set the recursion"
-1 92639.636639 [INFO] "text -> text"
-1 92639.636844 [INFO] "show body"
-1 92639.637128 [INFO] "Line Fetched <p>Cosa vuoi fare?</p>"
-1 92639.637520 [INFO] "Next line type None"
-1 92639.637855 [INFO] "I have more lines. Set the recursion"
-1 92639.638179 [INFO] "I have no more body lines, let's exit the loop and render the alternatives"
-1 92639.638513 [INFO] "RENDERING END"
-1 92639.638817 [INFO] "R 2 0"
-1 92641.069524 [INFO] CONTINUE
-1 92642.064491 [INFO] "DECISION LEFT"
-1 92642.064783 [INFO] "PASSAGE END"
-1 92655.727148 [INFO] "DECISION LEFT"
-1 92655.727160 [INFO] "PASSAGE END"
-1 92657.950903 [INFO] "DECISION RIGHT"
-1 92657.951150 [INFO] "PASSAGE END"
-1 92659.353205 [INFO] "DECISION RIGHT"
-1 92659.353566 [INFO] "PASSAGE END"
-1 92659.778474 [INFO] "DECISION RIGHT"
-1 92659.778774 [INFO] "PASSAGE END"
-1 92666.041736 [INFO] "DECISION RIGHT"
-1 92666.042120 [INFO] "PASSAGE END"
