-1 93158.443597 [INFO] "Wait for the connections of /sea/mouse"
-1 93167.114024 [INFO] "ROOM START welcome"
-1 93167.116396 [INFO] "PASSAGE START Welcome0 TEXT 50 0"
-1 93167.116826 [INFO] "RENDERING START"
-1 93167.119761 [INFO] "show body"
-1 93167.119811 [INFO] "Line Fetched <p>Quando sei pronto clicca su \"Continua\"</p>"
-1 93167.120081 [INFO] "Next line type None"
-1 93167.129467 [INFO] "I have more lines. Set the recursion"
-1 93167.129759 [INFO] "I have no more body lines, let's exit the loop and render the alternatives"
-1 93167.130090 [INFO] "RENDERING END"
-1 93167.131094 [INFO] "source = ../../../Stories/smallest_sea.html"
-1 93167.131408 [INFO] "room_order = 0"
-1 93167.131702 [INFO] "is_experiment = True"
-1 93167.131935 [INFO] "with_robot = False"
-1 93167.132170 [INFO] "with_sound = False"
-1 93167.132517 [INFO] "EXPERIMENT START"
-1 93170.499115 [INFO] CONTINUE
-1 93170.499492 [INFO] "PASSAGE END"
-1 93170.504535 [INFO] "PASSAGE START welcome TEXT 50 0"
-1 93170.504858 [INFO] "RENDERING START"
-1 93170.505120 [INFO] "show body"
-1 93170.505318 [INFO] "Line Fetched <p>Benvenuto!</p>"
-1 93170.505736 [INFO] "Next line type BodyLineType.TEXT"
-1 93170.506106 [INFO] "I have more lines. Set the recursion"
-1 93170.506531 [INFO] "text -> text"
-1 93170.506783 [INFO] "show body"
-1 93170.507054 [INFO] "Line Fetched <p>Grazie per aver accettato di prendere parte a questo esperimento.</p>"
-1 93170.507415 [INFO] "Next line type BodyLineType.TEXT"
-1 93170.507680 [INFO] "I have more lines. Set the recursion"
-1 93170.507988 [INFO] "text -> text"
-1 93170.508235 [INFO] "show body"
-1 93170.508525 [INFO] "Line Fetched <p>-</p>"
-1 93170.508918 [INFO] "Next line type BodyLineType.TEXT"
-1 93170.509195 [INFO] "I have more lines. Set the recursion"
-1 93170.509533 [INFO] "text -> text"
-1 93170.509805 [INFO] "show body"
-1 93170.510056 [INFO] "Line Fetched <p>Oggi sarai il protagonista di un’<strong>Avventura Testuale</strong>!</p>"
-1 93170.510442 [INFO] "Next line type BodyLineType.TEXT"
-1 93170.519551 [INFO] "I have more lines. Set the recursion"
-1 93170.519825 [INFO] "text -> text"
-1 93170.520069 [INFO] "show body"
-1 93170.520305 [INFO] "Line Fetched <p>Un’avventura testuale è una storia nella quale affronterai numerose sfide e <strong>scelte</strong>. </p>"
-1 93170.520641 [INFO] "Next line type BodyLineType.TEXT"
-1 93170.521024 [INFO] "I have more lines. Set the recursion"
-1 93170.521305 [INFO] "text -> text"
-1 93170.521496 [INFO] "show body"
-1 93170.521764 [INFO] "Line Fetched <p>Dovrai combattere creature e raccogliere oggetti fino a raggiungere uno dei possibili finali.</p>"
-1 93170.522101 [INFO] "Next line type BodyLineType.TEXT"
-1 93170.522447 [INFO] "I have more lines. Set the recursion"
-1 93170.522725 [INFO] "text -> text"
-1 93170.522980 [INFO] "show body"
-1 93170.523211 [INFO] "Line Fetched <p>La cosa più importante per noi è che tu prenda decisioni <strong>come se ti trovassi nella situazione proposta</strong>.</p>"
-1 93170.523524 [INFO] "Next line type BodyLineType.TEXT"
-1 93170.524197 [INFO] "I have more lines. Set the recursion"
-1 93170.524484 [INFO] "text -> text"
-1 93170.524663 [INFO] "show body"
-1 93170.524975 [INFO] "Line Fetched <p>Quindi, ti chiediamo per favore di fare uno sforzo di fantasia e <strong>immedesimarti nella storia</strong>.</p>"
-1 93170.525289 [INFO] "Next line type BodyLineType.TEXT"
-1 93170.525750 [INFO] "I have more lines. Set the recursion"
-1 93170.526032 [INFO] "text -> text"
-1 93170.526219 [INFO] "show body"
-1 93170.526489 [INFO] "Line Fetched <p>Ecco alcune regole, leggile con attenzione</p>"
-1 93170.526815 [INFO] "Next line type None"
-1 93170.527377 [INFO] "I have more lines. Set the recursion"
-1 93170.527633 [INFO] "I have no more body lines, let's exit the loop and render the alternatives"
-1 93170.527969 [INFO] "RENDERING END"
-1 93170.897170 [INFO] CONTINUE
-1 93170.897177 [INFO] "PASSAGE END"
-1 93170.903871 [INFO] "PASSAGE START rules TEXT 50 0"
-1 93170.904204 [INFO] "RENDERING START"
-1 93170.904363 [INFO] "show body"
-1 93170.904740 [INFO] "Line Fetched <ul>\n<li>Non hai limiti di tempo per scegliere ma ogni decisione è irreversibile. Quindi <strong>scegli con attenzione</strong></li>\n</ul>"
-1 93170.905032 [INFO] "Next line type BodyLineType.TEXT"
-1 93170.905851 [INFO] "I have more lines. Set the recursion"
-1 93170.906106 [INFO] "text -> text"
-1 93170.906374 [INFO] "show body"
-1 93170.906637 [INFO] "Line Fetched <ul>\n<li>A volte sarà il caso a decidere per te: ti verrà chiesto di lanciare un <strong>dado virtuale</strong> che deciderà lo svolgimento della storia</li>\n</ul>"
-1 93170.906888 [INFO] "Next line type BodyLineType.TEXT"
-1 93170.907692 [INFO] "I have more lines. Set the recursion"
-1 93170.907932 [INFO] "text -> text"
-1 93170.908166 [INFO] "show body"
-1 93170.908400 [INFO] "Line Fetched <ul>\n<li>Dovrai anche combattere con <strong>creature ostili</strong> potrai raccogliere ed equipaggiare oggetti che ti aiuteranno a sconfiggerle.</li>\n</ul>"
-1 93170.908745 [INFO] "Next line type BodyLineType.TEXT"
-1 93170.909463 [INFO] "I have more lines. Set the recursion"
-1 93170.909705 [INFO] "text -> text"
-1 93170.909953 [INFO] "show body"
-1 93170.910272 [INFO] "Line Fetched <ul>\n<li>Durante l'avventura dovrai gestire una risorsa molto importante l'<strong>Energia Quantica (EQ)</strong>. Se la tua <strong>EQ</strong> scende a 0 <strong>avrai perso</strong> e il gioco finirà immediatamente!</li>\n</ul>"
-1 93170.910576 [INFO] "Next line type BodyLineType.TEXT"
-1 93170.911635 [INFO] "I have more lines. Set the recursion"
-1 93170.911791 [INFO] "text -> text"
-1 93170.912133 [INFO] "show body"
-1 93170.912405 [INFO] "Line Fetched <ul>\n<li><strong>Se perdi non riceverai alcun compenso al termine dell'avventura</strong></li>\n</ul>"
-1 93170.912773 [INFO] "Next line type BodyLineType.TEXT"
-1 93170.914897 [INFO] "I have more lines. Set the recursion"
-1 93170.914909 [INFO] "text -> text"
-1 93170.914914 [INFO] "show body"
-1 93170.914920 [INFO] "Line Fetched <ul>\n<li>Maggiore l' Energia Quantica rimasta a fine partita più alto sarà il tuo punteggio. Se vuoi, pubblicheremo online il tuo punteggio assieme a quello degli altri giocatori</li>\n</ul>"
-1 93170.914926 [INFO] "Next line type BodyLineType.TEXT"
-1 93170.916692 [INFO] "I have more lines. Set the recursion"
-1 93170.916705 [INFO] "text -> text"
-1 93170.916953 [INFO] "show body"
-1 93170.917532 [INFO] "Line Fetched <ul>\n<li>Non preoccuparti per iCub, il suo ruolo diventerà chiaro iniziata l'avventura</li>\n</ul>"
-1 93170.917542 [INFO] "Next line type BodyLineType.TEXT"
-1 93170.919173 [INFO] "I have more lines. Set the recursion"
-1 93170.919437 [INFO] "text -> text"
-1 93170.919576 [INFO] "show body"
-1 93170.919667 [INFO] "Line Fetched <p>Potrai accedere alle regole quando vorrai cliccando sul bottone \"AIUTO\" in alto a destra.</p>"
-1 93170.919988 [INFO] "Next line type None"
-1 93170.922463 [INFO] "I have more lines. Set the recursion"
-1 93170.922472 [INFO] "I have no more body lines, let's exit the loop and render the alternatives"
-1 93170.922478 [INFO] "RENDERING END"
-1 93171.174754 [INFO] CONTINUE
-1 93171.175005 [INFO] "PASSAGE END"
-1 93171.177910 [INFO] "PASSAGE START REGOLE2 TEXT 50 0"
-1 93171.178203 [INFO] "RENDERING START"
-1 93171.178509 [INFO] "show body"
-1 93171.178775 [INFO] "Line Fetched <p>In qualsiasi momento puoi lasciare la stanza; lo sperimentatore sarà nella stanza accanto per qualsiasi evenienza.</p>"
-1 93171.179205 [INFO] "Next line type BodyLineType.TEXT"
-1 93171.179462 [INFO] "I have more lines. Set the recursion"
-1 93171.179818 [INFO] "text -> text"
-1 93171.180052 [INFO] "show body"
-1 93171.180339 [INFO] "Line Fetched <p>Ora per favore fai un bel respiro, per circa 30 minuti metti da parte qualsiasi pensiero o preoccupazione che possa affliggerti e focalizzati su questa avventura.</p>"
-1 93171.180744 [INFO] "Next line type BodyLineType.TEXT"
-1 93171.181017 [INFO] "I have more lines. Set the recursion"
-1 93171.181367 [INFO] "text -> text"
-1 93171.181615 [INFO] "show body"
-1 93171.181837 [INFO] "Line Fetched <p>Buon Divertimento!</p>"
-1 93171.182185 [INFO] "Next line type None"
-1 93171.182625 [INFO] "I have more lines. Set the recursion"
-1 93171.182864 [INFO] "I have no more body lines, let's exit the loop and render the alternatives"
-1 93171.183185 [INFO] "RENDERING END"
-1 93171.399583 [INFO] CONTINUE
-1 93171.399875 [INFO] "PASSAGE END"
-1 93171.401313 [INFO] "PASSAGE START Init TEXT 50 0"
-1 93171.401552 [INFO] "RENDERING START"
-1 93171.401869 [INFO] "show body"
-1 93171.402150 [INFO] "Line Fetched <p>Siamo nell’anno 3021, gli umani hanno colonizzato ogni angolo dell’universo conosciuto. La ricerca tecnologica ha permesso di identificare la fonte di energia definitiva: l’<strong>Energia Quantica</strong>. Ormai ogni entità dell’universo (vivente o artificiale) si nutre o alimenta di essa.</p>"
-1 93171.402561 [INFO] "Next line type None"
-1 93171.403225 [INFO] "I have more lines. Set the recursion"
-1 93171.403494 [INFO] "I have no more body lines, let's exit the loop and render the alternatives"
-1 93171.403792 [INFO] "RENDERING END"
-1 93171.647533 [INFO] CONTINUE
-1 93171.647863 [INFO] "PASSAGE END"
-1 93171.650967 [INFO] "PASSAGE START Init1 TEXT 50 0"
-1 93171.651283 [INFO] "RENDERING START"
-1 93171.651533 [INFO] "show body"
-1 93171.651824 [INFO] "Line Fetched <p>Tu sei un <strong>Cacciatore Interstellare</strong>, un combattente di élite specializzato nella ricerca e recupero di <strong>Artefatti</strong>, antichi reperti tecnologici in grado violare ogni legge naturale.</p>"
-1 93171.652256 [INFO] "Next line type BodyLineType.TEXT"
-1 93171.652896 [INFO] "I have more lines. Set the recursion"
-1 93171.653244 [INFO] "text -> text"
-1 93171.653472 [INFO] "show body"
-1 93171.653764 [INFO] "Line Fetched <p>Tra tutti gli artefatti, <strong>Il Seme</strong> è il più ricercato, alcuni dubitano addirittura della sua esistenza.</p>"
-1 93171.654067 [INFO] "Next line type BodyLineType.TEXT"
-1 93171.654373 [INFO] "I have more lines. Set the recursion"
-1 93171.654706 [INFO] "text -> text"
-1 93171.654993 [INFO] "show body"
-1 93171.655269 [INFO] "Line Fetched <p>Tu però sei certo che esista, e l’unico posto in cui può nascondersi è <strong>la Cripta</strong>.</p>"
-1 93171.655716 [INFO] "Next line type BodyLineType.TEXT"
-1 93171.656106 [INFO] "I have more lines. Set the recursion"
-1 93171.656404 [INFO] "text -> text"
-1 93171.656677 [INFO] "show body"
-1 93171.656874 [INFO] "Line Fetched <p><strong>La Cripta</strong> è un laboratorio di ricerca abbandonato situato sul pianeta Pandora sulle pareti di un cratere senza fondo. Nessuna ha mai esplorato interamente la Cripta, ma si dice che sia un labirinto popolato da mostruosità di ogni genere.</p>"
-1 93171.657293 [INFO] "Next line type None"
-1 93171.658254 [INFO] "I have more lines. Set the recursion"
-1 93171.658570 [INFO] "I have no more body lines, let's exit the loop and render the alternatives"
-1 93171.658874 [INFO] "RENDERING END"
-1 93171.899534 [INFO] CONTINUE
-1 93171.900002 [INFO] "PASSAGE END"
-1 93171.903121 [INFO] "PASSAGE START Init2 TEXT 50 0"
-1 93171.903452 [INFO] "RENDERING START"
-1 93171.903696 [INFO] "show body"
-1 93171.903981 [INFO] "Line Fetched <p>Per <strong>entrare ed uscire</strong> dalla Cripta è necessario portare con sé la <strong>LICENZA DI CACCIA</strong>, un documento che identifica ogni Cacciatore.</p>"
-1 93171.904370 [INFO] "Next line type BodyLineType.TEXT"
-1 93171.905031 [INFO] "I have more lines. Set the recursion"
-1 93171.905320 [INFO] "text -> text"
-1 93171.905560 [INFO] "show body"
-1 93171.905841 [INFO] "Line Fetched <p>Essa contiene anche tutti i tuoi averi ed Energia Quantica.</p>"
-1 93171.906225 [INFO] "Next line type BodyLineType.TEXT"
-1 93171.906415 [INFO] "I have more lines. Set the recursion"
-1 93171.906827 [INFO] "text -> text"
-1 93171.907097 [INFO] "show body"
-1 93171.907373 [INFO] "Line Fetched <p>Tutti sanno che, all’interno della Cripta, non si deve mai cedere la propria Licenza ad altri individui, viventi o artificiali.</p>"
-1 93171.907660 [INFO] "Next line type BodyLineType.TEXT"
-1 93171.908123 [INFO] "I have more lines. Set the recursion"
-1 93171.908468 [INFO] "text -> text"
-1 93171.908775 [INFO] "show body"
-1 93171.909016 [INFO] "Line Fetched <p>Se la perdi infatti resterai bloccato per sempre <strong>e avrai perso il gioco</strong>!</p>"
-1 93171.909319 [INFO] "Next line type BodyLineType.TEXT"
-1 93171.909785 [INFO] "I have more lines. Set the recursion"
-1 93171.910006 [INFO] "text -> text"
-1 93171.910292 [INFO] "show body"
-1 93171.910574 [INFO] "Line Fetched <p>Sei pronto per l’avventura!?</p>"
-1 93171.910989 [INFO] "Next line type None"
-1 93171.911621 [INFO] "I have more lines. Set the recursion"
-1 93171.911974 [INFO] "I have no more body lines, let's exit the loop and render the alternatives"
-1 93171.912297 [INFO] "RENDERING END"
-1 93174.875176 [INFO] CONTINUE
-1 93175.870771 [INFO] "DECISION LEFT"
-1 93175.871085 [INFO] "PASSAGE END"
-1 93175.871589 [INFO] "PASSAGE START Init4 ENDPOINT 50 0"
-1 93175.871813 [INFO] "RENDERING START"
-1 93175.872100 [INFO] "show body"
-1 93175.872345 [INFO] "I have no more body lines, let's exit the loop and render the alternatives"
-1 93175.872607 [INFO] "RENDERING END"
-1 93175.872903 [INFO] "ROOM END"
-1 93175.875048 [INFO] "ROOM START testFlow"
-1 93176.354618 [INFO] "PASSAGE START testFlow TEXT 50 0"
-1 93176.354833 [INFO] "RENDERING START"
-1 93176.355040 [INFO] "show body"
-1 93176.355288 [INFO] "Line Fetched <p>Questo è un paragrafo con solo testo</p>"
-1 93176.355535 [INFO] "Next line type BodyLineType.TEXT"
-1 93176.356257 [INFO] "I have more lines. Set the recursion"
-1 93176.356517 [INFO] "text -> text"
-1 93176.356775 [INFO] "show body"
-1 93176.356986 [INFO] "Line Fetched <p>Vediamo come gestisce i chunk</p>"
-1 93176.357306 [INFO] "Next line type BodyLineType.TEXT"
-1 93176.357578 [INFO] "I have more lines. Set the recursion"
-1 93176.357809 [INFO] "text -> text"
-1 93176.358023 [INFO] "show body"
-1 93176.358242 [INFO] "Line Fetched <p>chunk 2</p>"
-1 93176.358585 [INFO] "Next line type BodyLineType.SAY"
-1 93176.358774 [INFO] "I have more lines. Set the recursion"
-1 93176.359067 [INFO] "text -> robot, wait for an interaction"
-1 93176.677045 [INFO] "show body"
-1 93176.677275 [INFO] "Line Fetched (say: happy )"
-1 93176.677594 [INFO] "Next line type BodyLineType.TEXT"
-1 93176.687222 [INFO] "I have more lines. Set the recursion"
-1 93176.687466 [INFO] "robot -> robot, wait for the end of the command"
-1 93176.687750 [INFO] "show body"
-1 93176.688047 [INFO] "Line Fetched <p>Poi del testo</p>"
-1 93176.688231 [INFO] "Next line type None"
-1 93176.688781 [INFO] "I have more lines. Set the recursion"
-1 93176.689015 [INFO] "I have no more body lines, let's exit the loop and render the alternatives"
-1 93176.689285 [INFO] "RENDERING END"
-1 93176.689613 [INFO] "RENDERING END"
-1 93177.040681 [INFO] CONTINUE
-1 93177.040991 [INFO] "PASSAGE END"
-1 93177.042082 [INFO] "PASSAGE START testFlow2 TEXT 50 0"
-1 93177.042396 [INFO] "RENDERING START"
-1 93177.042630 [INFO] "show body"
-1 93177.042898 [INFO] "Line Fetched (say: say )"
-1 93177.043327 [INFO] "Next line type BodyLineType.SAY"
-1 93177.043631 [INFO] "I have more lines. Set the recursion"
-1 93177.043925 [INFO] "robot -> robot, wait for the end of the command"
-1 93177.044192 [INFO] "show body"
-1 93177.044478 [INFO] "Line Fetched (say: say2 )"
-1 93177.044812 [INFO] "Next line type BodyLineType.SAY"
-1 93177.045313 [INFO] "I have more lines. Set the recursion"
-1 93177.045590 [INFO] "robot -> robot, wait for the end of the command"
-1 93177.045850 [INFO] "show body"
-1 93177.046189 [INFO] "Line Fetched (say: say3 )"
-1 93177.046501 [INFO] "Next line type BodyLineType.TEXT"
-1 93177.047107 [INFO] "I have more lines. Set the recursion"
-1 93177.047309 [INFO] "robot -> robot, wait for the end of the command"
-1 93177.047623 [INFO] "show body"
-1 93177.047869 [INFO] "Line Fetched <p>chunk2</p>"
-1 93177.048261 [INFO] "Next line type None"
-1 93177.048500 [INFO] "I have more lines. Set the recursion"
-1 93177.048712 [INFO] "I have no more body lines, let's exit the loop and render the alternatives"
-1 93177.049033 [INFO] "RENDERING END"
-1 93177.049296 [INFO] "RENDERING END"
-1 93177.049600 [INFO] "RENDERING END"
-1 93177.049898 [INFO] "RENDERING END"
-1 93177.356886 [INFO] CONTINUE
-1 93177.357216 [INFO] "PASSAGE END"
-1 93177.359042 [INFO] "PASSAGE START testFlow3 TEXT 50 0"
-1 93177.359338 [INFO] "RENDERING START"
-1 93177.359708 [INFO] "show body"
-1 93177.359994 [INFO] "Line Fetched <p>Qui invece abbiamo prima del testo</p>"
-1 93177.360492 [INFO] "Next line type BodyLineType.SAY"
-1 93177.360668 [INFO] "I have more lines. Set the recursion"
-1 93177.361067 [INFO] "text -> robot, wait for an interaction"
-1 93177.638446 [INFO] "show body"
-1 93177.638831 [INFO] "Line Fetched (say: Poi dico qualcosa io )"
-1 93177.639172 [INFO] "Next line type BodyLineType.TEXT"
-1 93177.641233 [INFO] "I have more lines. Set the recursion"
-1 93177.641470 [INFO] "robot -> robot, wait for the end of the command"
-1 93177.641670 [INFO] "show body"
-1 93177.641920 [INFO] "Line Fetched <p>Poi altro testo</p>"
-1 93177.642247 [INFO] "Next line type BodyLineType.POSE"
-1 93177.642439 [INFO] "I have more lines. Set the recursion"
-1 93177.642854 [INFO] "text -> robot, wait for an interaction"
-1 93177.929562 [INFO] "show body"
-1 93177.929783 [INFO] "Line Fetched (pose: test_2)"
-1 93177.930074 [INFO] "Next line type BodyLineType.TEXT"
-1 93177.930336 [INFO] "I have more lines. Set the recursion"
-1 93177.930635 [INFO] "robot -> robot, wait for the end of the command"
-1 93177.930862 [INFO] "show body"
-1 93177.931089 [INFO] "Line Fetched <p>E altro testo</p>"
-1 93177.931458 [INFO] "Next line type None"
-1 93177.931759 [INFO] "I have more lines. Set the recursion"
-1 93177.931995 [INFO] "I have no more body lines, let's exit the loop and render the alternatives"
-1 93177.932254 [INFO] "RENDERING END"
-1 93177.932568 [INFO] "RENDERING END"
-1 93178.207900 [INFO] CONTINUE
-1 93178.208183 [INFO] "PASSAGE END"
-1 93178.209526 [INFO] "PASSAGE START testFlow4 TEXT 50 0"
-1 93178.209763 [INFO] "RENDERING START"
-1 93178.210014 [INFO] "show body"
-1 93178.210209 [INFO] "Line Fetched (say: Prima parla iCub )"
-1 93178.210588 [INFO] "Next line type BodyLineType.TEXT"
-1 93178.211693 [INFO] "I have more lines. Set the recursion"
-1 93178.211996 [INFO] "robot -> robot, wait for the end of the command"
-1 93178.212330 [INFO] "show body"
-1 93178.212681 [INFO] "Line Fetched <p>Ora iCub diventa Triste</p>"
-1 93178.212954 [INFO] "Next line type BodyLineType.SAY"
-1 93178.213361 [INFO] "I have more lines. Set the recursion"
-1 93178.213744 [INFO] "text -> robot, wait for an interaction"
-1 93178.519428 [INFO] "show body"
-1 93178.519727 [INFO] "Line Fetched (say: Sono Triste )"
-1 93178.520082 [INFO] "Next line type BodyLineType.FEEL"
-1 93178.521413 [INFO] "I have more lines. Set the recursion"
-1 93178.521647 [INFO] "robot -> robot, wait for the end of the command"
-1 93178.521885 [INFO] "show body"
-1 93178.522132 [INFO] "Line Fetched (feel: sad)"
-1 93178.522410 [INFO] "Next line type BodyLineType.POSE"
-1 93178.522596 [INFO] "I have more lines. Set the recursion"
-1 93178.522921 [INFO] "robot -> robot, wait for the end of the command"
-1 93178.523251 [INFO] "show body"
-1 93178.523509 [INFO] "Line Fetched (pose: home)"
-1 93178.523756 [INFO] "Next line type None"
-1 93178.524057 [INFO] "I have more lines. Set the recursion"
-1 93178.524388 [INFO] "I have no more body lines, let's exit the loop and render the alternatives"
-1 93178.524656 [INFO] "RENDERING END"
-1 93178.524905 [INFO] "RENDERING END"
-1 93178.525182 [INFO] "RENDERING END"
-1 93178.983626 [INFO] CONTINUE
-1 93178.984030 [INFO] "PASSAGE END"
-1 93178.984459 [INFO] "PASSAGE START testFlowEnd ENDPOINT 50 0"
-1 93178.984704 [INFO] "RENDERING START"
-1 93178.984979 [INFO] "show body"
-1 93178.985316 [INFO] "I have no more body lines, let's exit the loop and render the alternatives"
-1 93178.985669 [INFO] "RENDERING END"
-1 93178.985990 [INFO] "ROOM END"
-1 93178.987203 [INFO] "ROOM START sbResources"
-1 93179.331721 [INFO] "PASSAGE START sbALife TEXT 50 0"
-1 93179.332023 [INFO] "RENDERING START"
-1 93179.332229 [INFO] "show body"
-1 93179.332497 [INFO] "Line Fetched <p>Test Risorse</p>"
-1 93179.332912 [INFO] "Next line type BodyLineType.TEXT"
-1 93179.333199 [INFO] "I have more lines. Set the recursion"
-1 93179.333515 [INFO] "text -> text"
-1 93179.333764 [INFO] "show body"
-1 93179.333962 [INFO] "Line Fetched <p>vita = 50</p>"
-1 93179.334319 [INFO] "Next line type None"
-1 93179.334622 [INFO] "I have more lines. Set the recursion"
-1 93179.334969 [INFO] "I have no more body lines, let's exit the loop and render the alternatives"
-1 93179.335310 [INFO] "RENDERING END"
-1 93180.110589 [INFO] CONTINUE
-1 93181.274034 [INFO] "DECISION RIGHT"
-1 93181.274342 [INFO] "PASSAGE END"
-1 93181.276643 [INFO] "PASSAGE START sbALifeAdd10 TEXT 60 0"
-1 93181.276981 [INFO] "RENDERING START"
-1 93181.277211 [INFO] "show body"
-1 93181.277556 [INFO] "Line Fetched <p>Vita = 60</p>"
-1 93181.277821 [INFO] "Next line type None"
-1 93181.278245 [INFO] "I have more lines. Set the recursion"
-1 93181.278530 [INFO] "I have no more body lines, let's exit the loop and render the alternatives"
-1 93181.278846 [INFO] "RENDERING END"
-1 93181.947626 [INFO] CONTINUE
-1 93182.670331 [INFO] "DECISION RIGHT"
-1 93182.670555 [INFO] "PASSAGE END"
-1 93182.672281 [INFO] "PASSAGE START sbAMoney TEXT 60 0"
-1 93182.672590 [INFO] "RENDERING START"
-1 93182.672858 [INFO] "show body"
-1 93182.673120 [INFO] "Line Fetched <p>soldi = 0</p>"
-1 93182.673491 [INFO] "Next line type None"
-1 93182.673732 [INFO] "I have more lines. Set the recursion"
-1 93182.674041 [INFO] "I have no more body lines, let's exit the loop and render the alternatives"
-1 93182.674388 [INFO] "RENDERING END"
-1 93184.190429 [INFO] CONTINUE
-1 93185.196628 [INFO] "DECISION RIGHT"
-1 93185.196882 [INFO] "PASSAGE END"
-1 93185.198610 [INFO] "PASSAGE START sbAMoneyAdd10 TEXT 60 0"
-1 93185.198938 [INFO] "RENDERING START"
-1 93185.199173 [INFO] "show body"
-1 93185.199446 [INFO] "Line Fetched <p>Soldi = 10</p>"
-1 93185.199757 [INFO] "Next line type None"
-1 93185.200006 [INFO] "I have more lines. Set the recursion"
-1 93185.200330 [INFO] "I have no more body lines, let's exit the loop and render the alternatives"
-1 93185.200646 [INFO] "RENDERING END"
-1 93185.860303 [INFO] CONTINUE
-1 93187.197173 [INFO] "DECISION RIGHT"
-1 93187.197467 [INFO] "PASSAGE END"
-1 93187.200267 [INFO] "PASSAGE START sbACross TEXT 60 0"
-1 93187.200492 [INFO] "RENDERING START"
-1 93187.200751 [INFO] "show body"
-1 93187.201047 [INFO] "Line Fetched <p>Dove vuoi andare?</p>"
-1 93187.201450 [INFO] "Next line type None"
-1 93187.201731 [INFO] "I have more lines. Set the recursion"
-1 93187.202048 [INFO] "I have no more body lines, let's exit the loop and render the alternatives"
-1 93187.202389 [INFO] "RENDERING END"
-1 93187.950951 [INFO] CONTINUE
-1 93189.872309 [INFO] "DECISION LEFT"
-1 93189.872630 [INFO] "PASSAGE END"
-1 93189.873718 [INFO] "PASSAGE START sbALeft ENDPOINT 60 0"
-1 93189.874012 [INFO] "RENDERING START"
-1 93189.874233 [INFO] "show body"
-1 93189.874510 [INFO] "I have no more body lines, let's exit the loop and render the alternatives"
-1 93189.874800 [INFO] "RENDERING END"
-1 93189.875051 [INFO] "ROOM END"
-1 93189.875830 [INFO] "ROOM START sbCross"
-1 93190.800223 [INFO] "PASSAGE START sbFCross TEXT 60 0"
-1 93190.800620 [INFO] "RENDERING START"
-1 93190.800814 [INFO] "show body"
-1 93190.801104 [INFO] "Line Fetched <p>Dove vuoi andare?</p>"
-1 93190.801445 [INFO] "Next line type None"
-1 93190.801685 [INFO] "I have more lines. Set the recursion"
-1 93190.801962 [INFO] "I have no more body lines, let's exit the loop and render the alternatives"
-1 93190.802326 [INFO] "RENDERING END"
-1 93191.555701 [INFO] CONTINUE
-1 93192.801250 [INFO] "DECISION RIGHT"
-1 93192.801450 [INFO] "PASSAGE END"
-1 93192.802621 [INFO] "PASSAGE START sbFRight ENDPOINT 60 0"
-1 93192.802911 [INFO] "RENDERING START"
-1 93192.803163 [INFO] "show body"
-1 93192.803400 [INFO] "I have no more body lines, let's exit the loop and render the alternatives"
-1 93192.803798 [INFO] "RENDERING END"
-1 93192.804187 [INFO] "ROOM END"
-1 93192.805065 [INFO] "ROOM START sbRoll"
-1 93193.351794 [INFO] "PASSAGE START sbCRoll TEXT 60 0"
-1 93193.352039 [INFO] "RENDERING START"
-1 93193.352282 [INFO] "show body"
-1 93193.352525 [INFO] "Line Fetched <p>Test Roll</p>"
-1 93193.352763 [INFO] "Next line type None"
-1 93193.353234 [INFO] "I have more lines. Set the recursion"
-1 93193.353575 [INFO] "I have no more body lines, let's exit the loop and render the alternatives"
-1 93193.353917 [INFO] "RENDERING END"
-1 93197.136865 [INFO] CONTINUE
-1 93197.137145 [INFO] "PASSAGE END"
-1 93197.139499 [INFO] "PASSAGE START sbCsbCRollDice ROLL 60 0"
-1 93197.139749 [INFO] "RENDERING START"
-1 93197.140014 [INFO] "show body"
-1 93197.140362 [INFO] "Line Fetched <p>Lancia un dado, se fai almeno <strong>11</strong> hai successo, altrimenti fallisci.</p>"
-1 93197.140609 [INFO] "Next line type None"
-1 93197.141317 [INFO] "I have more lines. Set the recursion"
-1 93197.141668 [INFO] "I have no more body lines, let's exit the loop and render the alternatives"
-1 93197.142024 [INFO] "RENDERING END"
-1 93197.142427 [INFO] "DICE False 2"
-1 93197.987046 [INFO] "DECISION LEFT"
-1 93197.987299 [INFO] "PASSAGE END"
-1 93198.590524 [INFO] "PASSAGE START sbCsbCRollDiceFail TEXT 60 0"
-1 93198.590771 [INFO] "RENDERING START"
-1 93198.591029 [INFO] "show body"
-1 93198.591265 [INFO] "Line Fetched <p>Fallimento :(</p>"
-1 93198.591502 [INFO] "Next line type None"
-1 93198.592095 [INFO] "I have more lines. Set the recursion"
-1 93198.592438 [INFO] "I have no more body lines, let's exit the loop and render the alternatives"
-1 93198.592743 [INFO] "RENDERING END"
-1 93217.195027 [INFO] CONTINUE
-1 93218.224499 [INFO] "DECISION RIGHT"
-1 93218.224774 [INFO] "PASSAGE END"
-1 93218.226072 [INFO] "PASSAGE START sbCEnd ENDPOINT 60 0"
-1 93218.226381 [INFO] "RENDERING START"
-1 93218.226634 [INFO] "show body"
-1 93218.226944 [INFO] "I have no more body lines, let's exit the loop and render the alternatives"
-1 93218.227294 [INFO] "RENDERING END"
-1 93218.227598 [INFO] "ROOM END"
-1 93218.228763 [INFO] "ROOM START sbTrial"
-1 93219.024501 [INFO] "PASSAGE START sbETrial TEXT 60 0"
-1 93219.024871 [INFO] "RENDERING START"
-1 93219.025109 [INFO] "show body"
-1 93219.025423 [INFO] "Line Fetched <p>Preparati a una scelta vitale!</p>"
-1 93219.025856 [INFO] "Next line type None"
-1 93219.026046 [INFO] "I have more lines. Set the recursion"
-1 93219.026395 [INFO] "I have no more body lines, let's exit the loop and render the alternatives"
-1 93219.026808 [INFO] "RENDERING END"
-1 93220.092622 [INFO] CONTINUE
-1 93220.093006 [INFO] "PASSAGE END"
-1 93220.095389 [INFO] "PASSAGE START sbEDecision TRIAL 60 0"
-1 93220.095688 [INFO] "RENDERING START"
-1 93220.096072 [INFO] "show body"
-1 93220.096320 [INFO] "Line Fetched <p>Testa o Croce?</p>"
-1 93220.096689 [INFO] "Next line type None"
-1 93220.096938 [INFO] "I have more lines. Set the recursion"
-1 93220.097252 [INFO] "I have no more body lines, let's exit the loop and render the alternatives"
-1 93220.097575 [INFO] "RENDERING END"
-1 93220.097965 [INFO] "R 1000 0"
-1 93220.612733 [INFO] CONTINUE
-1 93221.931276 [INFO] "DECISION RIGHT"
-1 93221.931622 [INFO] "PASSAGE END"
-1 93221.933657 [INFO] "PASSAGE START sbETette TEXT 60 0"
-1 93221.933954 [INFO] "RENDERING START"
-1 93221.934342 [INFO] "show body"
-1 93221.934579 [INFO] "Line Fetched <p>Testa! &lt;3</p>"
-1 93221.934812 [INFO] "Next line type None"
-1 93221.935549 [INFO] "I have more lines. Set the recursion"
-1 93221.935818 [INFO] "I have no more body lines, let's exit the loop and render the alternatives"
-1 93221.936125 [INFO] "RENDERING END"
-1 93223.836146 [INFO] CONTINUE
-1 93223.836523 [INFO] "PASSAGE END"
-1 93223.837655 [INFO] "PASSAGE START sbEEnd BACK 60 0"
-1 93223.838004 [INFO] "RENDERING START"
-1 93223.838270 [INFO] "RENDERING START"
-1 93226.578551 [INFO] "PASSAGE START sbETette TEXT 60 0"
-1 93226.578906 [INFO] "RENDERING START"
-1 93226.579125 [INFO] "show body"
-1 93226.579416 [INFO] "Line Fetched <p>Testa! &lt;3</p>"
-1 93226.579813 [INFO] "Next line type None"
-1 93226.580058 [INFO] "I have more lines. Set the recursion"
-1 93226.580327 [INFO] "I have no more body lines, let's exit the loop and render the alternatives"
-1 93226.580706 [INFO] "RENDERING END"
-1 93227.360610 [INFO] CONTINUE
-1 93227.360938 [INFO] "PASSAGE END"
