-1 93167.120937 "ROOM START welcome"
-1 93167.120951 "PASSAGE START Welcome0 TEXT 50 0"
-1 93167.120957 "RENDERING START"
-1 93167.130104 "RENDERING END"
-1 93167.132499 "START EXPERIMENT"
-1 93170.499076 CONTINUE
-1 93170.499497 "PASSAGE END"
-1 93170.504516 "PASSAGE START welcome TEXT 50 0"
-1 93170.504910 "RENDERING START"
-1 93170.527942 "RENDERING END"
-1 93170.897133 CONTINUE
-1 93170.897142 "PASSAGE END"
-1 93170.903864 "PASSAGE START rules TEXT 50 0"
-1 93170.904116 "RENDERING START"
-1 93170.922463 "RENDERING END"
-1 93171.174738 CONTINUE
-1 93171.175009 "PASSAGE END"
-1 93171.177795 "PASSAGE START REGOLE2 TEXT 50 0"
-1 93171.178182 "RENDERING START"
-1 93171.183250 "RENDERING END"
-1 93171.399614 CONTINUE
-1 93171.399904 "PASSAGE END"
-1 93171.401281 "PASSAGE START Init TEXT 50 0"
-1 93171.401568 "RENDERING START"
-1 93171.403791 "RENDERING END"
-1 93171.647496 CONTINUE
-1 93171.647887 "PASSAGE END"
-1 93171.650905 "PASSAGE START Init1 TEXT 50 0"
-1 93171.651261 "RENDERING START"
-1 93171.658946 "RENDERING END"
-1 93171.899490 CONTINUE
-1 93171.899956 "PASSAGE END"
-1 93171.903179 "PASSAGE START Init2 TEXT 50 0"
-1 93171.903430 "RENDERING START"
-1 93171.912294 "RENDERING END"
-1 93174.874330 CONTINUE
-1 93175.870708 "DECISION LEFT"
-1 93175.871030 "PASSAGE END"
-1 93175.871611 "PASSAGE START Init4 ENDPOINT 50 0"
-1 93175.871866 "RENDERING START"
-1 93175.872664 "RENDERING END"
-1 93175.872880 "ROOM END"
-1 93175.875024 "ROOM START testFlow"
-1 93176.354549 "PASSAGE START testFlow TEXT 50 0"
-1 93176.354814 "RENDERING START"
-1 93176.689295 "RENDERING END"
-1 93176.689562 "RENDERING END"
-1 93177.040620 CONTINUE
-1 93177.040946 "PASSAGE END"
-1 93177.042045 "PASSAGE START testFlow2 TEXT 50 0"
-1 93177.042439 "RENDERING START"
-1 93177.049075 "RENDERING END"
-1 93177.049345 "RENDERING END"
-1 93177.049599 "RENDERING END"
-1 93177.049918 "RENDERING END"
-1 93177.356832 CONTINUE
-1 93177.357169 "PASSAGE END"
-1 93177.359019 "PASSAGE START testFlow3 TEXT 50 0"
-1 93177.359288 "RENDERING START"
-1 93177.932311 "RENDERING END"
-1 93177.932597 "RENDERING END"
-1 93178.207867 CONTINUE
-1 93178.208254 "PASSAGE END"
-1 93178.209482 "PASSAGE START testFlow4 TEXT 50 0"
-1 93178.209750 "RENDERING START"
-1 93178.524671 "RENDERING END"
-1 93178.524969 "RENDERING END"
-1 93178.525164 "RENDERING END"
-1 93178.983596 CONTINUE
-1 93178.984019 "PASSAGE END"
-1 93178.984412 "PASSAGE START testFlowEnd ENDPOINT 50 0"
-1 93178.984682 "RENDERING START"
-1 93178.985643 "RENDERING END"
-1 93178.985995 "ROOM END"
-1 93178.987221 "ROOM START sbResources"
-1 93179.331761 "PASSAGE START sbALife TEXT 50 0"
-1 93179.332008 "RENDERING START"
-1 93179.335302 "RENDERING END"
-1 93180.110576 CONTINUE
-1 93181.274062 "DECISION RIGHT"
-1 93181.274356 "PASSAGE END"
-1 93181.276723 "PASSAGE START sbALifeAdd10 TEXT 60 0"
-1 93181.276949 "RENDERING START"
-1 93181.278832 "RENDERING END"
-1 93181.947567 CONTINUE
-1 93182.670360 "DECISION RIGHT"
-1 93182.670545 "PASSAGE END"
-1 93182.672244 "PASSAGE START sbAMoney TEXT 60 0"
-1 93182.672567 "RENDERING START"
-1 93182.674326 "RENDERING END"
-1 93184.190423 CONTINUE
-1 93185.196622 "DECISION RIGHT"
-1 93185.196815 "PASSAGE END"
-1 93185.198591 "PASSAGE START sbAMoneyAdd10 TEXT 60 0"
-1 93185.198901 "RENDERING START"
-1 93185.200619 "RENDERING END"
-1 93185.860249 CONTINUE
-1 93187.197115 "DECISION RIGHT"
-1 93187.197410 "PASSAGE END"
-1 93187.200224 "PASSAGE START sbACross TEXT 60 0"
-1 93187.200529 "RENDERING START"
-1 93187.202412 "RENDERING END"
-1 93187.950938 CONTINUE
-1 93189.872275 "DECISION LEFT"
-1 93189.872647 "PASSAGE END"
-1 93189.873694 "PASSAGE START sbALeft ENDPOINT 60 0"
-1 93189.873973 "RENDERING START"
-1 93189.874795 "RENDERING END"
-1 93189.875071 "ROOM END"
-1 93189.875826 "ROOM START sbCross"
-1 93190.800191 "PASSAGE START sbFCross TEXT 60 0"
-1 93190.800644 "RENDERING START"
-1 93190.802332 "RENDERING END"
-1 93191.555695 CONTINUE
-1 93192.801202 "DECISION RIGHT"
-1 93192.801499 "PASSAGE END"
-1 93192.802598 "PASSAGE START sbFRight ENDPOINT 60 0"
-1 93192.802955 "RENDERING START"
-1 93192.803693 "RENDERING END"
-1 93192.804195 "ROOM END"
-1 93192.805061 "ROOM START sbRoll"
-1 93193.351764 "PASSAGE START sbCRoll TEXT 60 0"
-1 93193.352063 "RENDERING START"
-1 93193.353892 "RENDERING END"
-1 93197.136829 CONTINUE
-1 93197.137158 "PASSAGE END"
-1 93197.139454 "PASSAGE START sbCsbCRollDice ROLL 60 0"
-1 93197.139729 "RENDERING START"
-1 93197.142051 "RENDERING END"
-1 93197.142432 "DICE False 2"
-1 93197.987014 "DECISION LEFT"
-1 93197.987342 "PASSAGE END"
-1 93198.590497 "PASSAGE START sbCsbCRollDiceFail TEXT 60 0"
-1 93198.590770 "RENDERING START"
-1 93198.592718 "RENDERING END"
-1 93217.195004 CONTINUE
-1 93218.224396 "DECISION RIGHT"
-1 93218.224805 "PASSAGE END"
-1 93218.226007 "PASSAGE START sbCEnd ENDPOINT 60 0"
-1 93218.226438 "RENDERING START"
-1 93218.227316 "RENDERING END"
-1 93218.227554 "ROOM END"
-1 93218.228769 "ROOM START sbTrial"
-1 93219.024470 "PASSAGE START sbETrial TEXT 60 0"
-1 93219.024840 "RENDERING START"
-1 93219.026836 "RENDERING END"
-1 93220.092587 CONTINUE
-1 93220.093011 "PASSAGE END"
-1 93220.095361 "PASSAGE START sbEDecision TRIAL 60 0"
-1 93220.095649 "RENDERING START"
-1 93220.097554 "RENDERING END"
-1 93220.097958 "R 1000 0"
-1 93220.612708 CONTINUE
-1 93221.931236 "DECISION RIGHT"
-1 93221.931654 "PASSAGE END"
-1 93221.933622 "PASSAGE START sbETette TEXT 60 0"
-1 93221.933923 "RENDERING START"
-1 93221.936106 "RENDERING END"
-1 93223.836092 CONTINUE
-1 93223.836495 "PASSAGE END"
-1 93223.837667 "PASSAGE START sbEEnd BACK 60 0"
-1 93223.837997 "RENDERING START"
-1 93223.838295 "RENDERING START"
-1 93226.578521 "PASSAGE START sbETette TEXT 60 0"
-1 93226.578864 "RENDERING START"
-1 93226.580684 "RENDERING END"
-1 93227.360550 CONTINUE
-1 93227.360926 "PASSAGE END"
